[2024/09/27-16:19:48.596-src/u/u.cpp-78] Use logfile(../log/ant30/ant30-2degrpsn-20240927161948.log)
[2024/09/27-16:19:48.596-tkb32Func.cpp-328] This program is Compiled at 2024/09/27-16:13:33
[2024/09/27-16:19:48.596-tkb32Func.cpp-329] ### Initialization
[2024/09/27-16:19:48.596-tkb32Func.cpp-365] ## Parameter list
[2024/09/27-16:19:48.596-src/conf/conf.cpp-306] ===== ===== =====
AntAltitude     10.0
AntAzMarg       0.005
AntAzMaximum    400
AntAzMinimum    -89.0
AntElMarg       0.005
AntElMaximum    83
AntElMinimum    5.0
AntInst1        0.0000000000  0.0000000000  0.0000000000  0.0000000000  0.0000000000
AntInst2        0.0000000000  0.0000000000  0.0000000000  0.0000000000  0.0000000000
AntInst3        0.0000000000  0.0000000000  0.0000000000  0.0000000000  0.0000000000
AntInst4        0.0000000000  0.0000000000  0.0000000000  0.0000000000  0.0000000000
AntInst5        0.0000000000  0.0000000000  0.0000000000  0.0000000000  0.0000000000
AntInst6        0.0000000000  0.0000000000  0.0000000000  0.0000000000  0.0000000000
AntPosLa        36.1031
AntPosLo        140.0887
AntRadioInst0   0.00000000  0.00000000  0.000000000  0.000000000
AntRadioInst1   0.00000000  0.00000000  0.000000000  0.000000000
AntRadioInst2   0.00000000  0.00000000  0.000000000  0.000000000
AntX    -3957764.417000
AntY    3309215.617000
AntZ    3738004.452000
BeInterval      0.5
BeIp01  192.168.11.1
BeIp02  192.168.11.6
BeIp17  127.0.0.1
BeNum   1
BePort01        10006
BePort02        10007
BePort17        10017
BeUse01 1
BeUse02 1
BeUse17 0
Coordinate      0
Definition      1
DeviceTable     0712.device
DeviceVersion   0.1.1
EnvAnt  ../etc/ant_err.dat
EnvEph  ../etc/ephfile/19241221-20500102.ORG
EnvTime ../etc/time.dat
Epoch   2
Fif_1   14.960000
Fif_2   16.160000
Frame   1
FsaL_H1 1.160000
FsaL_H2 1.360000
Ftrack_1        461.040000
Ftrack_2        492.160000
Group   antarctica
IfAttDecR_1     1
IfAttDecR_2     3
IfAtt_1 2
IfAtt_2 4
Lo1     476.000000
Lo1Amp  2
Lo2Amp  15
LoInterval      60
Mode_H1 1000
Mode_H2 1000
NumOfChannels   1024
ObsTable        2degrpsn.obs
ObsVersion      0.1.1
Observer        enohi
OffCoord        3
OffMode 1
OffNumber       1
OffX1_HorD      5
OffX1_Min       0
OffX1_Sec       0.000000
OffX2_HorD      0
OffX2_Min       0
OffX2_Sec       0.000000
OffY1_Deg       5
OffY1_Min       0
OffY1_Sec       0.000000
OffY2_Deg       0
OffY2_Min       0
OffY2_Sec       0.000000
OnCoord 3
OnOffTime       5
OnPathLn_Deg    2
OnPathLn_Min    0
OnPathLn_Sec    0.000000
OnPathNo        2
OnPathSp        0
OnStartX        3600.000000
OnStartY        0.000000
PosAngle        0.000000
Project rp
RSkyTime        5
ScanFlag        7
ScanTable       2degrpsc.scan
ScanVersion     0.1.1
SetNumber       3
SetPattern      R,A,1,2
SourceFlag      11
SourceName      sun
SourceTable     sun.source
SourceVersion   0.1.1
TimeApp 1
TimeDump        0.100000
TimeOneInteg    0.1
TimeScan        10
TrkInterval     0.30
TrkTimeOffset   0.05
Velocity        0.000000
X_HorD  0
X_Min   0
X_Sec   0.000000
Y_Deg   0
Y_Min   0
Y_Sec   0.000000
bandwidthSM     1500.000000
lo2_1   13.800000
lo2_2   14.800000
saacqlevel      1
saacqmintime    0.01
tkb32ip 192.168.11.22
tkb32port       10001
===== ===== =====
[2024/09/27-16:19:48.598-tkb32Func.cpp-391] obsInit(); SchFile Data
[2024/09/27-16:19:48.598-src/conf/conf.cpp-306] ===== ===== =====
AntAltitude     10.000000
AntAzMarg       0.005
AntAzMaximum    400
AntAzMinimum    -89.0
AntElMarg       0.005
AntElMaximum    83
AntElMinimum    5.0
AntInst1        0.0000000000  0.0000000000  0.0000000000  0.0000000000  0.0000000000
AntInst2        0.0000000000  0.0000000000  0.0000000000  0.0000000000  0.0000000000
AntInst3        0.0000000000  0.0000000000  0.0000000000  0.0000000000  0.0000000000
AntInst4        0.0000000000  0.0000000000  0.0000000000  0.0000000000  0.0000000000
AntInst5        0.0000000000  0.0000000000  0.0000000000  0.0000000000  0.0000000000
AntInst6        0.0000000000  0.0000000000  0.0000000000  0.0000000000  0.0000000000
AntPosLa        36.103100
AntPosLo        140.088700
AntRadioInst0   0.00000000  0.00000000  0.000000000  0.000000000
AntRadioInst1   0.00000000  0.00000000  0.000000000  0.000000000
AntRadioInst2   0.00000000  0.00000000  0.000000000  0.000000000
AntX    -3957764.417000
AntY    3309215.617000
AntZ    3738004.452000
BeInterval      0.5
BeIp01  192.168.11.1
BeIp02  192.168.11.6
BeIp17  127.0.0.1
BeNum   1
BePort01        10006
BePort02        10007
BePort17        10017
BeUse01 1
BeUse02 1
BeUse17 0
Coordinate      0
Definition      1
DeviceTable     0712.device
DeviceVersion   0.1.1
EnvAnt  ../etc/ant_err.dat
EnvEph  ../etc/ephfile/19241221-20500102.ORG
EnvTime ../etc/time.dat
Epoch   2
Fif_1   14.960000
Fif_2   16.160000
Frame   1
FsaL_H1 1.160000
FsaL_H2 1.360000
Ftrack_1        461.040000
Ftrack_2        492.160000
Group   antarctica
IfAttDecR_1     1.000000
IfAttDecR_2     3.000000
IfAtt_1 2.000000
IfAtt_2 4.000000
LinePathX1_Rad  0.038397243543875
LinePathX2_Rad  0.000000000000000
LinePathY1_Rad  0.000000000000000
LinePathY2_Rad  0.038397243543875
LineTime        11
Lo1     476.000000
Lo1Amp  2
Lo2Amp  15
LoInterval      60
Mode_H1 1000
Mode_H2 1000
NumOfChannels   1024
ObsTable        2degrpsn.obs
ObsVersion      0.1.1
Observer        enohi
OffCoord        3
OffMode 1
OffNumber       1
OffX1_HorD      5
OffX1_Min       0
OffX1_Rad       0.087266462599716
OffX1_Sec       0.000000
OffX2_HorD      0
OffX2_Min       0
OffX2_Sec       0.000000
OffY1_Deg       5
OffY1_Min       0
OffY1_Rad       0.087266462599716
OffY1_Sec       0.000000
OffY2_Deg       0
OffY2_Min       0
OffY2_Sec       0.000000
OnCoord 3
OnNumber        2
OnOffTime       5
OnPathLn_Deg    2
OnPathLn_Min    0
OnPathLn_Sec    0.000000
OnPathNo        2
OnPathSp        0
OnStartX        3600.000000
OnStartY        0.000000
OnX1_Rad        -0.020943951023932
OnX2_Rad        0.000000000000000
OnY1_Rad        0.000000000000000
OnY2_Rad        -0.020943951023932
PosAngle        0.000000
PosAngle_Rad    0.000000000000000
Project rp
RSkyTime        5
ScanFlag        7
ScanTable       2degrpsc.scan
ScanVersion     0.1.1
SetNumber       3
SetPattern      R,A,1,2
SourceFlag      11
SourceName      sun
SourceTable     sun.source
SourceVersion   0.1.1
TAU     0.000000
TimeApp 1
TimeDump        0.100000
TimeOneInteg    0.1
TimeScan        10
TrkInterval     0.30
TrkTimeOffset   0.05
Velocity        0.000000
X_HorD  0
X_Min   0
X_Rad   0.000000000000000
X_Sec   0.000000
Y_Deg   0
Y_Min   0
Y_Rad   0.000000000000000
Y_Sec   0.000000
bandwidthSM     1500.000000
fif_1   0.000000
fif_2   0.000000
lo2_1   13.800000
lo2_2   14.800000
saacqlevel      1
saacqmintime    0.01
tkb32ip 192.168.11.22
tkb32port       10001
===== ===== =====
[2024/09/27-16:19:48.598-trk.cpp-1308] trkSetPof(); PAZEL = 0.000000 0.000000 [deg]
[2024/09/27-16:19:48.598-trk.cpp-1309] trkSetPof(); Set Pointing Offset=(0.00",0.00") coord=3(AZEL)
[2024/09/27-16:19:48.598-scanTable.cpp-258] trkInitParam(); scan.SetPattern length=7
[2024/09/27-16:19:48.598-scanTable.cpp-261] trkInitParam(); debug SetPattern R,A,1,2
[2024/09/27-16:19:48.598-scanTable.cpp-280] trkInitParam(); debug seq.mapNum=4
[2024/09/27-16:19:48.598-scanTable.cpp-368] map:0
[2024/09/27-16:19:48.598-scanTable.cpp-368] map:-1
[2024/09/27-16:19:48.598-scanTable.cpp-368] map:1
[2024/09/27-16:19:48.598-scanTable.cpp-368] map:2
[2024/09/27-16:19:48.598-trk.cpp-577] trkInitParam() #1
[2024/09/27-16:19:48.598-calcBoth.cpp-688] _trkSetSof(); Set scan offset(-4320.00",0.00") coord=3(AZEL)
[2024/09/27-16:19:48.598-penguin_tracking.cpp-152] _setTime(): 20240927161948.598351
[2024/09/27-16:19:48.598-penguin_tracking.cpp-366] penguin_tracking_work(): LST=4.479048, (Az, El)=(4.478939, 0.227815)
[2024/09/27-16:19:48.598-instrument.cpp-114] instrumentCalInst(); (Az, El)=(4.478939, 0.229159) -> (dAz, dEl)=(0.000000, 0.000000)
[2024/09/27-16:19:48.598-instrument.cpp-170] instrumentRadioModel(); (Az, El)=(4.478939, 0.229159) -> (dAz, dEl)=(0.000000, 0.000000)
[2024/09/27-16:19:48.598-calcBoth.cpp-510] (Az, El) = (256.624302, 13.129816), scan offset = (-4320.000000, 0.000000)
[2024/09/27-16:19:48.598-trk.cpp-1678] _trkCalZoneTypeInit(); Set antZoneType=0
[2024/09/27-16:19:48.598-be.cpp-185] beReqInit() p.BeNum: 1
[2024/09/27-16:19:48.598-be.cpp-186] beReqInit(); p.ans[0].endExeFlag: 0
[2024/09/27-16:19:48.598-tkb32Func.cpp-432] obsInit(); ifUpdate();
[2024/09/27-16:19:48.598-if.cpp-685] ifSetAttOnOffR(); Set OnOffR=2 StepAtt=1.0 [dB]
[2024/09/27-16:19:48.599-calcBoth.cpp-1101] ifUpdate(); Fobs +4.760000000e+11 Hz,  Fdop +4.760011723e+11 Hz,  Vrad -738.310343715 m/s
[2024/09/27-16:19:48.599-if.cpp-463] Request Lo1(476.001172266 GHz, 2.0 dBm), Att  1.0 dB
[2024/09/27-16:19:48.599-if.cpp-465] Answer  Lo1(0.000000000 GHz,  0.0 dBm), Att  0.0 dB
[2024/09/27-16:19:48.599-tkb32Func.cpp-446] obsInit(); Success
[2024/09/27-16:20:11.386-tkb32Parser.cpp-411] setReqData(); Start observation
[2024/09/27-16:20:11.387-tkb32Func.cpp-498] obsStart(); Success
[2024/09/27-16:20:11.604-tkb32Func.cpp-531] ### Starting observation.
[2024/09/27-16:20:11.604-calcBoth.cpp-688] _trkSetSof(); Set scan offset(18000.00",18000.00") coord=3(AZEL)
[2024/09/27-16:20:11.604-tkb32Func.cpp-576] obsAuto(); Antenna Moving to Off-Point ID=-1
[2024/09/27-16:20:11.681-calcBoth.cpp-510] (Az, El) = (263.173305, 18.032355), scan offset = (18000.000000, 18000.000000)
[2024/09/27-16:20:12.001-calcBoth.cpp-510] (Az, El) = (263.174110, 18.031304), scan offset = (18000.000000, 18000.000000)
[2024/09/27-16:20:12.321-calcBoth.cpp-510] (Az, El) = (263.174915, 18.030253), scan offset = (18000.000000, 18000.000000)
[2024/09/27-16:20:12.604-tkb32Func.cpp-585] ## R-Sky ID=0
[2024/09/27-16:20:12.604-if.cpp-685] ifSetAttOnOffR(); Set OnOffR=2 StepAtt=1.0 [dB]
[2024/09/27-16:20:12.641-calcBoth.cpp-510] (Az, El) = (263.175721, 18.029202), scan offset = (18000.000000, 18000.000000)
[2024/09/27-16:20:12.961-calcBoth.cpp-510] (Az, El) = (263.176526, 18.028151), scan offset = (18000.000000, 18000.000000)
[2024/09/27-16:20:13.281-calcBoth.cpp-510] (Az, El) = (263.177331, 18.027100), scan offset = (18000.000000, 18000.000000)
[2024/09/27-16:20:13.601-calcBoth.cpp-510] (Az, El) = (263.178137, 18.026049), scan offset = (18000.000000, 18000.000000)
[2024/09/27-16:20:13.604-tkb32Func.cpp-1310] rCloseWait(); Chopper close
[2024/09/27-16:20:13.604-tkb32Func.cpp-1348] rCloseWait(); Chopper close success
[2024/09/27-16:20:13.604-tkb32Func.cpp-760] # R-Sky     Integ start
[2024/09/27-16:20:13.604-tkb32Func.cpp-1426] integStart(); startTime=16:20:14, OnOffRoad = 2
[2024/09/27-16:20:13.921-calcBoth.cpp-510] (Az, El) = (263.178942, 18.024998), scan offset = (18000.000000, 18000.000000)
[2024/09/27-16:20:14.241-calcBoth.cpp-510] (Az, El) = (263.179747, 18.023946), scan offset = (18000.000000, 18000.000000)
[2024/09/27-16:20:14.561-calcBoth.cpp-510] (Az, El) = (263.180553, 18.022895), scan offset = (18000.000000, 18000.000000)
[2024/09/27-16:20:14.881-calcBoth.cpp-510] (Az, El) = (263.181358, 18.021844), scan offset = (18000.000000, 18000.000000)
[2024/09/27-16:20:15.201-calcBoth.cpp-510] (Az, El) = (263.182163, 18.020793), scan offset = (18000.000000, 18000.000000)
[2024/09/27-16:20:15.521-calcBoth.cpp-510] (Az, El) = (263.182969, 18.019742), scan offset = (18000.000000, 18000.000000)
[2024/09/27-16:20:15.841-calcBoth.cpp-510] (Az, El) = (263.183774, 18.018691), scan offset = (18000.000000, 18000.000000)
[2024/09/27-16:20:16.161-calcBoth.cpp-510] (Az, El) = (263.184579, 18.017640), scan offset = (18000.000000, 18000.000000)
[2024/09/27-16:20:16.481-calcBoth.cpp-510] (Az, El) = (263.185384, 18.016589), scan offset = (18000.000000, 18000.000000)
[2024/09/27-16:20:16.801-calcBoth.cpp-510] (Az, El) = (263.186190, 18.015538), scan offset = (18000.000000, 18000.000000)
[2024/09/27-16:20:17.121-calcBoth.cpp-510] (Az, El) = (263.186995, 18.014487), scan offset = (18000.000000, 18000.000000)
[2024/09/27-16:20:17.441-calcBoth.cpp-510] (Az, El) = (263.187800, 18.013435), scan offset = (18000.000000, 18000.000000)
[2024/09/27-16:20:17.761-calcBoth.cpp-510] (Az, El) = (263.188605, 18.012384), scan offset = (18000.000000, 18000.000000)
[2024/09/27-16:20:18.081-calcBoth.cpp-510] (Az, El) = (263.189411, 18.011333), scan offset = (18000.000000, 18000.000000)
[2024/09/27-16:20:18.401-calcBoth.cpp-510] (Az, El) = (263.190216, 18.010282), scan offset = (18000.000000, 18000.000000)
[2024/09/27-16:20:18.721-calcBoth.cpp-510] (Az, El) = (263.191021, 18.009231), scan offset = (18000.000000, 18000.000000)
[2024/09/27-16:20:19.041-calcBoth.cpp-510] (Az, El) = (263.191826, 18.008180), scan offset = (18000.000000, 18000.000000)
[2024/09/27-16:20:19.361-calcBoth.cpp-510] (Az, El) = (263.192632, 18.007129), scan offset = (18000.000000, 18000.000000)
[2024/09/27-16:20:19.681-calcBoth.cpp-510] (Az, El) = (263.193437, 18.006078), scan offset = (18000.000000, 18000.000000)
[2024/09/27-16:20:20.000-tkb32Func.cpp-793] # R-Sky     Integ end  (AZ,EL) = (263.174101, 18.031318)
[2024/09/27-16:20:20.000-tkb32Func.cpp-606] ## OnOff ID=-1
[2024/09/27-16:20:20.000-if.cpp-685] ifSetAttOnOffR(); Set OnOffR=1 StepAtt=2.0 [dB]
[2024/09/27-16:20:20.000-tkb32Func.cpp-892] # Off-Point Integ start
[2024/09/27-16:20:20.000-tkb32Func.cpp-1426] integStart(); startTime=16:20:22, OnOffRoad = 1
[2024/09/27-16:20:20.001-calcBoth.cpp-510] (Az, El) = (263.194242, 18.005026), scan offset = (18000.000000, 18000.000000)
[2024/09/27-16:20:20.321-calcBoth.cpp-510] (Az, El) = (263.195047, 18.003975), scan offset = (18000.000000, 18000.000000)
[2024/09/27-16:20:20.641-calcBoth.cpp-510] (Az, El) = (263.195852, 18.002924), scan offset = (18000.000000, 18000.000000)
[2024/09/27-16:20:20.961-calcBoth.cpp-510] (Az, El) = (263.196657, 18.001873), scan offset = (18000.000000, 18000.000000)
[2024/09/27-16:20:21.281-calcBoth.cpp-510] (Az, El) = (263.197463, 18.000822), scan offset = (18000.000000, 18000.000000)
[2024/09/27-16:20:21.601-calcBoth.cpp-510] (Az, El) = (263.198268, 17.999771), scan offset = (18000.000000, 18000.000000)
[2024/09/27-16:20:21.921-calcBoth.cpp-510] (Az, El) = (263.199073, 17.998720), scan offset = (18000.000000, 18000.000000)
[2024/09/27-16:20:22.241-calcBoth.cpp-510] (Az, El) = (263.199878, 17.997668), scan offset = (18000.000000, 18000.000000)
[2024/09/27-16:20:22.561-calcBoth.cpp-510] (Az, El) = (263.200683, 17.996617), scan offset = (18000.000000, 18000.000000)
[2024/09/27-16:20:22.881-calcBoth.cpp-510] (Az, El) = (263.201488, 17.995566), scan offset = (18000.000000, 18000.000000)
[2024/09/27-16:20:23.201-calcBoth.cpp-510] (Az, El) = (263.202294, 17.994515), scan offset = (18000.000000, 18000.000000)
[2024/09/27-16:20:23.521-calcBoth.cpp-510] (Az, El) = (263.203099, 17.993464), scan offset = (18000.000000, 18000.000000)
[2024/09/27-16:20:23.841-calcBoth.cpp-510] (Az, El) = (263.203904, 17.992413), scan offset = (18000.000000, 18000.000000)
[2024/09/27-16:20:24.161-calcBoth.cpp-510] (Az, El) = (263.204709, 17.991361), scan offset = (18000.000000, 18000.000000)
[2024/09/27-16:20:24.481-calcBoth.cpp-510] (Az, El) = (263.205514, 17.990310), scan offset = (18000.000000, 18000.000000)
[2024/09/27-16:20:24.801-calcBoth.cpp-510] (Az, El) = (263.206319, 17.989259), scan offset = (18000.000000, 18000.000000)
[2024/09/27-16:20:25.121-calcBoth.cpp-510] (Az, El) = (263.207124, 17.988208), scan offset = (18000.000000, 18000.000000)
[2024/09/27-16:20:25.441-calcBoth.cpp-510] (Az, El) = (263.207929, 17.987157), scan offset = (18000.000000, 18000.000000)
[2024/09/27-16:20:25.761-calcBoth.cpp-510] (Az, El) = (263.208735, 17.986105), scan offset = (18000.000000, 18000.000000)
[2024/09/27-16:20:26.081-calcBoth.cpp-510] (Az, El) = (263.209540, 17.985054), scan offset = (18000.000000, 18000.000000)
[2024/09/27-16:20:26.401-calcBoth.cpp-510] (Az, El) = (263.210345, 17.984003), scan offset = (18000.000000, 18000.000000)
[2024/09/27-16:20:26.721-calcBoth.cpp-510] (Az, El) = (263.211150, 17.982952), scan offset = (18000.000000, 18000.000000)
[2024/09/27-16:20:27.041-calcBoth.cpp-510] (Az, El) = (263.211955, 17.981901), scan offset = (18000.000000, 18000.000000)
[2024/09/27-16:20:27.361-calcBoth.cpp-510] (Az, El) = (263.212760, 17.980849), scan offset = (18000.000000, 18000.000000)
[2024/09/27-16:20:27.681-calcBoth.cpp-510] (Az, El) = (263.213565, 17.979798), scan offset = (18000.000000, 18000.000000)
[2024/09/27-16:20:28.000-tkb32Func.cpp-1037] # Off-Point Integ end (AZ,EL) = (263.212747, 17.980875)
[2024/09/27-16:20:28.000-calcBoth.cpp-688] _trkSetSof(); Set scan offset(-4320.00",0.00") coord=3(AZEL)
[2024/09/27-16:20:28.000-tkb32Func.cpp-571] obsAuto(); Antenna Moving to On-Point ID=+1
[2024/09/27-16:20:28.001-calcBoth.cpp-510] (Az, El) = (256.727988, 13.000748), scan offset = (-4320.000000, 0.000000)
[2024/09/27-16:20:28.321-calcBoth.cpp-510] (Az, El) = (256.728830, 12.999700), scan offset = (-4320.000000, 0.000000)
[2024/09/27-16:20:28.641-calcBoth.cpp-510] (Az, El) = (256.729671, 12.998651), scan offset = (-4320.000000, 0.000000)
[2024/09/27-16:20:28.961-calcBoth.cpp-510] (Az, El) = (256.730513, 12.997603), scan offset = (-4320.000000, 0.000000)
[2024/09/27-16:20:29.000-tkb32Func.cpp-606] ## OnOff ID=+1
[2024/09/27-16:20:29.000-if.cpp-685] ifSetAttOnOffR(); Set OnOffR=1 StepAtt=2.0 [dB]
[2024/09/27-16:20:29.000-tkb32Func.cpp-845] OnOff(); OnPoint(PSW) OnOffR = 0
[2024/09/27-16:20:29.281-calcBoth.cpp-510] (Az, El) = (256.731354, 12.996554), scan offset = (-4320.000000, 0.000000)
[2024/09/27-16:20:29.601-calcBoth.cpp-510] (Az, El) = (256.732196, 12.995506), scan offset = (-4320.000000, 0.000000)
[2024/09/27-16:20:29.921-calcBoth.cpp-510] (Az, El) = (256.733038, 12.994458), scan offset = (-4320.000000, 0.000000)
[2024/09/27-16:20:30.000-tkb32Func.cpp-889] # On-Point  Integ start
[2024/09/27-16:20:30.000-tkb32Func.cpp-938] OnOff(); AppWaiting 1.000000 seconds.
[2024/09/27-16:20:30.242-calcBoth.cpp-510] (Az, El) = (256.733882, 12.993405), scan offset = (-4320.000000, 0.000000)
[2024/09/27-16:20:30.563-calcBoth.cpp-510] (Az, El) = (256.734725, 12.992355), scan offset = (-4320.000000, 0.000000)
[2024/09/27-16:20:30.883-calcBoth.cpp-510] (Az, El) = (256.735569, 12.991303), scan offset = (-4320.000000, 0.000000)
[2024/09/27-16:20:31.000-tkb32Func.cpp-941] OnOff(); AppWaiting end.
[2024/09/27-16:20:31.000-tkb32Func.cpp-1426] integStart(); startTime=16:20:33, OnOffRoad = 0
[2024/09/27-16:20:31.205-calcBoth.cpp-510] (Az, El) = (256.736414, 12.990251), scan offset = (-4320.000000, 0.000000)
[2024/09/27-16:20:31.526-calcBoth.cpp-510] (Az, El) = (256.737258, 12.989200), scan offset = (-4320.000000, 0.000000)
[2024/09/27-16:20:31.999-calcBoth.cpp-510] (Az, El) = (256.738503, 12.987648), scan offset = (-4320.000000, 0.000000)
[2024/09/27-16:20:32.299-calcBoth.cpp-510] (Az, El) = (256.800294, 12.986665), scan offset = (-4105.945946, 0.000000)
[2024/09/27-16:20:32.599-calcBoth.cpp-510] (Az, El) = (256.862083, 12.985682), scan offset = (-3891.891892, 0.000000)
[2024/09/27-16:20:32.899-calcBoth.cpp-510] (Az, El) = (256.923872, 12.984699), scan offset = (-3677.837838, 0.000000)
[2024/09/27-16:20:33.199-calcBoth.cpp-510] (Az, El) = (256.985661, 12.983717), scan offset = (-3463.783784, 0.000000)
[2024/09/27-16:20:33.499-calcBoth.cpp-510] (Az, El) = (257.047449, 12.982734), scan offset = (-3249.729730, 0.000000)
[2024/09/27-16:20:33.799-calcBoth.cpp-510] (Az, El) = (257.109237, 12.981751), scan offset = (-3035.675676, 0.000000)
[2024/09/27-16:20:34.099-calcBoth.cpp-510] (Az, El) = (257.171024, 12.980768), scan offset = (-2821.621622, 0.000000)
[2024/09/27-16:20:34.399-calcBoth.cpp-510] (Az, El) = (257.232811, 12.979785), scan offset = (-2607.567568, 0.000000)
[2024/09/27-16:20:34.699-calcBoth.cpp-510] (Az, El) = (257.294597, 12.978802), scan offset = (-2393.513514, 0.000000)
[2024/09/27-16:20:34.999-calcBoth.cpp-510] (Az, El) = (257.356383, 12.977819), scan offset = (-2179.459459, 0.000000)
[2024/09/27-16:20:35.299-calcBoth.cpp-510] (Az, El) = (257.418168, 12.976836), scan offset = (-1965.405405, 0.000000)
[2024/09/27-16:20:35.599-calcBoth.cpp-510] (Az, El) = (257.479952, 12.975854), scan offset = (-1751.351351, 0.000000)
[2024/09/27-16:20:35.899-calcBoth.cpp-510] (Az, El) = (257.541737, 12.974871), scan offset = (-1537.297297, 0.000000)
[2024/09/27-16:20:36.199-calcBoth.cpp-510] (Az, El) = (257.603520, 12.973888), scan offset = (-1323.243243, 0.000000)
[2024/09/27-16:20:36.499-calcBoth.cpp-510] (Az, El) = (257.665303, 12.972905), scan offset = (-1109.189189, 0.000000)
[2024/09/27-16:20:36.799-calcBoth.cpp-510] (Az, El) = (257.727086, 12.971922), scan offset = (-895.135135, 0.000000)
[2024/09/27-16:20:37.099-calcBoth.cpp-510] (Az, El) = (257.788868, 12.970939), scan offset = (-681.081081, 0.000000)
[2024/09/27-16:20:37.399-calcBoth.cpp-510] (Az, El) = (257.850650, 12.969956), scan offset = (-467.027027, 0.000000)
[2024/09/27-16:20:37.699-calcBoth.cpp-510] (Az, El) = (257.912431, 12.968973), scan offset = (-252.972973, 0.000000)
[2024/09/27-16:20:37.999-calcBoth.cpp-510] (Az, El) = (257.974212, 12.967990), scan offset = (-38.918919, 0.000000)
[2024/09/27-16:20:38.299-calcBoth.cpp-510] (Az, El) = (258.035992, 12.967007), scan offset = (175.135135, 0.000000)
[2024/09/27-16:20:38.599-calcBoth.cpp-510] (Az, El) = (258.097772, 12.966025), scan offset = (389.189189, 0.000000)
[2024/09/27-16:20:38.899-calcBoth.cpp-510] (Az, El) = (258.159551, 12.965042), scan offset = (603.243243, 0.000000)
[2024/09/27-16:20:39.199-calcBoth.cpp-510] (Az, El) = (258.221330, 12.964059), scan offset = (817.297297, 0.000000)
[2024/09/27-16:20:39.499-calcBoth.cpp-510] (Az, El) = (258.283108, 12.963076), scan offset = (1031.351351, 0.000000)
[2024/09/27-16:20:39.799-calcBoth.cpp-510] (Az, El) = (258.344886, 12.962093), scan offset = (1245.405405, 0.000000)
[2024/09/27-16:20:40.099-calcBoth.cpp-510] (Az, El) = (258.406663, 12.961110), scan offset = (1459.459459, 0.000000)
[2024/09/27-16:20:40.399-calcBoth.cpp-510] (Az, El) = (258.468440, 12.960127), scan offset = (1673.513514, 0.000000)
[2024/09/27-16:20:40.699-calcBoth.cpp-510] (Az, El) = (258.530217, 12.959144), scan offset = (1887.567568, 0.000000)
[2024/09/27-16:20:40.999-calcBoth.cpp-510] (Az, El) = (258.591993, 12.958161), scan offset = (2101.621622, 0.000000)
[2024/09/27-16:20:41.299-calcBoth.cpp-510] (Az, El) = (258.653768, 12.957178), scan offset = (2315.675676, 0.000000)
[2024/09/27-16:20:41.599-calcBoth.cpp-510] (Az, El) = (258.715543, 12.956195), scan offset = (2529.729730, 0.000000)
[2024/09/27-16:20:41.899-calcBoth.cpp-510] (Az, El) = (258.777317, 12.955213), scan offset = (2743.783784, 0.000000)
[2024/09/27-16:20:42.199-calcBoth.cpp-510] (Az, El) = (258.839091, 12.954230), scan offset = (2957.837838, 0.000000)
[2024/09/27-16:20:42.499-calcBoth.cpp-510] (Az, El) = (258.900865, 12.953247), scan offset = (3171.891892, 0.000000)
[2024/09/27-16:20:42.799-calcBoth.cpp-510] (Az, El) = (258.962638, 12.952264), scan offset = (3385.945946, 0.000000)
[2024/09/27-16:20:43.099-calcBoth.cpp-510] (Az, El) = (259.024410, 12.951281), scan offset = (3600.000000, 0.000000)
[2024/09/27-16:20:43.099-calcBoth.cpp-510] (Az, El) = (259.024410, 12.951281), scan offset = (3600.000000, 0.000000)
[2024/09/27-16:20:43.419-calcBoth.cpp-510] (Az, El) = (259.025242, 12.950232), scan offset = (3600.000000, 0.000000)
[2024/09/27-16:20:43.739-calcBoth.cpp-510] (Az, El) = (259.026074, 12.949184), scan offset = (3600.000000, 0.000000)
[2024/09/27-16:20:44.059-calcBoth.cpp-510] (Az, El) = (259.026905, 12.948135), scan offset = (3600.000000, 0.000000)
[2024/09/27-16:20:44.379-calcBoth.cpp-510] (Az, El) = (259.027737, 12.947087), scan offset = (3600.000000, 0.000000)
[2024/09/27-16:20:44.699-calcBoth.cpp-510] (Az, El) = (259.028569, 12.946038), scan offset = (3600.000000, 0.000000)
[2024/09/27-16:20:45.001-tkb32Func.cpp-1034] # On-Point  Integ end (On-Count:1) (AZ,EL) = (259.027716, 12.947108)
[2024/09/27-16:20:45.001-calcBoth.cpp-688] _trkSetSof(); Set scan offset(0.00",-4320.00") coord=3(AZEL)
[2024/09/27-16:20:45.001-tkb32Func.cpp-571] obsAuto(); Antenna Moving to On-Point ID=+2
[2024/09/27-16:20:45.019-calcBoth.cpp-510] (Az, El) = (258.003643, 11.752866), scan offset = (0.000000, -4320.000000)
[2024/09/27-16:20:45.339-calcBoth.cpp-510] (Az, El) = (258.004479, 11.751819), scan offset = (0.000000, -4320.000000)
[2024/09/27-16:20:45.659-calcBoth.cpp-510] (Az, El) = (258.005315, 11.750772), scan offset = (0.000000, -4320.000000)
[2024/09/27-16:20:45.979-calcBoth.cpp-510] (Az, El) = (258.006151, 11.749724), scan offset = (0.000000, -4320.000000)
[2024/09/27-16:20:46.001-tkb32Func.cpp-606] ## OnOff ID=+2
[2024/09/27-16:20:46.001-if.cpp-685] ifSetAttOnOffR(); Set OnOffR=1 StepAtt=2.0 [dB]
[2024/09/27-16:20:46.001-tkb32Func.cpp-845] OnOff(); OnPoint(PSW) OnOffR = 0
[2024/09/27-16:20:46.299-calcBoth.cpp-510] (Az, El) = (258.006987, 11.748677), scan offset = (0.000000, -4320.000000)
[2024/09/27-16:20:46.619-calcBoth.cpp-510] (Az, El) = (258.007822, 11.747630), scan offset = (0.000000, -4320.000000)
[2024/09/27-16:20:46.939-calcBoth.cpp-510] (Az, El) = (258.008658, 11.746583), scan offset = (0.000000, -4320.000000)
[2024/09/27-16:20:47.001-tkb32Func.cpp-889] # On-Point  Integ start
[2024/09/27-16:20:47.001-tkb32Func.cpp-938] OnOff(); AppWaiting 1.000000 seconds.
[2024/09/27-16:20:47.260-calcBoth.cpp-510] (Az, El) = (258.009498, 11.745531), scan offset = (0.000000, -4320.000000)
[2024/09/27-16:20:47.581-calcBoth.cpp-510] (Az, El) = (258.010336, 11.744481), scan offset = (0.000000, -4320.000000)
[2024/09/27-16:20:47.902-calcBoth.cpp-510] (Az, El) = (258.011173, 11.743432), scan offset = (0.000000, -4320.000000)
[2024/09/27-16:20:48.001-tkb32Func.cpp-941] OnOff(); AppWaiting end.
[2024/09/27-16:20:48.001-tkb32Func.cpp-1426] integStart(); startTime=16:20:50, OnOffRoad = 0
[2024/09/27-16:20:48.223-calcBoth.cpp-510] (Az, El) = (258.012012, 11.742381), scan offset = (0.000000, -4320.000000)
[2024/09/27-16:20:48.544-calcBoth.cpp-510] (Az, El) = (258.012849, 11.741332), scan offset = (0.000000, -4320.000000)
[2024/09/27-16:20:48.999-calcBoth.cpp-510] (Az, El) = (258.014039, 11.739841), scan offset = (0.000000, -4320.000000)
[2024/09/27-16:20:49.299-calcBoth.cpp-510] (Az, El) = (258.014823, 11.797893), scan offset = (0.000000, -4105.945946)
[2024/09/27-16:20:49.599-calcBoth.cpp-510] (Az, El) = (258.015606, 11.855949), scan offset = (0.000000, -3891.891892)
[2024/09/27-16:20:49.899-calcBoth.cpp-510] (Az, El) = (258.016390, 11.914009), scan offset = (0.000000, -3677.837838)
[2024/09/27-16:20:50.199-calcBoth.cpp-510] (Az, El) = (258.017173, 11.972072), scan offset = (0.000000, -3463.783784)
[2024/09/27-16:20:50.499-calcBoth.cpp-510] (Az, El) = (258.017957, 12.030139), scan offset = (0.000000, -3249.729730)
[2024/09/27-16:20:50.799-calcBoth.cpp-510] (Az, El) = (258.018741, 12.088209), scan offset = (0.000000, -3035.675676)
[2024/09/27-16:20:51.099-calcBoth.cpp-510] (Az, El) = (258.019524, 12.146283), scan offset = (0.000000, -2821.621622)
[2024/09/27-16:20:51.399-calcBoth.cpp-510] (Az, El) = (258.020308, 12.204361), scan offset = (0.000000, -2607.567568)
[2024/09/27-16:20:51.699-calcBoth.cpp-510] (Az, El) = (258.021091, 12.262441), scan offset = (0.000000, -2393.513514)
[2024/09/27-16:20:51.999-calcBoth.cpp-510] (Az, El) = (258.021875, 12.320526), scan offset = (0.000000, -2179.459459)
[2024/09/27-16:20:52.299-calcBoth.cpp-510] (Az, El) = (258.022658, 12.378613), scan offset = (0.000000, -1965.405405)
[2024/09/27-16:20:52.599-calcBoth.cpp-510] (Az, El) = (258.023442, 12.436704), scan offset = (0.000000, -1751.351351)
[2024/09/27-16:20:52.899-calcBoth.cpp-510] (Az, El) = (258.024225, 12.494798), scan offset = (0.000000, -1537.297297)
[2024/09/27-16:20:53.199-calcBoth.cpp-510] (Az, El) = (258.025009, 12.552895), scan offset = (0.000000, -1323.243243)
[2024/09/27-16:20:53.499-calcBoth.cpp-510] (Az, El) = (258.025792, 12.610996), scan offset = (0.000000, -1109.189189)
[2024/09/27-16:20:53.799-calcBoth.cpp-510] (Az, El) = (258.026576, 12.669099), scan offset = (0.000000, -895.135135)
[2024/09/27-16:20:54.099-calcBoth.cpp-510] (Az, El) = (258.027359, 12.727206), scan offset = (0.000000, -681.081081)
[2024/09/27-16:20:54.399-calcBoth.cpp-510] (Az, El) = (258.028143, 12.785315), scan offset = (0.000000, -467.027027)
[2024/09/27-16:20:54.699-calcBoth.cpp-510] (Az, El) = (258.028926, 12.843428), scan offset = (0.000000, -252.972973)
[2024/09/27-16:20:54.999-calcBoth.cpp-510] (Az, El) = (258.029710, 12.901544), scan offset = (0.000000, -38.918919)
[2024/09/27-16:20:55.299-calcBoth.cpp-510] (Az, El) = (258.030493, 12.959662), scan offset = (0.000000, 175.135135)
[2024/09/27-16:20:55.599-calcBoth.cpp-510] (Az, El) = (258.031277, 13.017784), scan offset = (0.000000, 389.189189)
[2024/09/27-16:20:55.899-calcBoth.cpp-510] (Az, El) = (258.032060, 13.075908), scan offset = (0.000000, 603.243243)
[2024/09/27-16:20:56.199-calcBoth.cpp-510] (Az, El) = (258.032844, 13.134036), scan offset = (0.000000, 817.297297)
[2024/09/27-16:20:56.499-calcBoth.cpp-510] (Az, El) = (258.033627, 13.192166), scan offset = (0.000000, 1031.351351)
[2024/09/27-16:20:56.799-calcBoth.cpp-510] (Az, El) = (258.034410, 13.250298), scan offset = (0.000000, 1245.405405)
[2024/09/27-16:20:57.099-calcBoth.cpp-510] (Az, El) = (258.035194, 13.308434), scan offset = (0.000000, 1459.459459)
[2024/09/27-16:20:57.399-calcBoth.cpp-510] (Az, El) = (258.035977, 13.366572), scan offset = (0.000000, 1673.513514)
[2024/09/27-16:20:57.699-calcBoth.cpp-510] (Az, El) = (258.036761, 13.424713), scan offset = (0.000000, 1887.567568)
[2024/09/27-16:20:57.999-calcBoth.cpp-510] (Az, El) = (258.037544, 13.482856), scan offset = (0.000000, 2101.621622)
[2024/09/27-16:20:58.299-calcBoth.cpp-510] (Az, El) = (258.038328, 13.541002), scan offset = (0.000000, 2315.675676)
[2024/09/27-16:20:58.599-calcBoth.cpp-510] (Az, El) = (258.039111, 13.599151), scan offset = (0.000000, 2529.729730)
[2024/09/27-16:20:58.899-calcBoth.cpp-510] (Az, El) = (258.039894, 13.657302), scan offset = (0.000000, 2743.783784)
[2024/09/27-16:20:59.199-calcBoth.cpp-510] (Az, El) = (258.040678, 13.715456), scan offset = (0.000000, 2957.837838)
[2024/09/27-16:20:59.499-calcBoth.cpp-510] (Az, El) = (258.041461, 13.773612), scan offset = (0.000000, 3171.891892)
[2024/09/27-16:20:59.799-calcBoth.cpp-510] (Az, El) = (258.042244, 13.831771), scan offset = (0.000000, 3385.945946)
[2024/09/27-16:21:00.099-calcBoth.cpp-510] (Az, El) = (258.043028, 13.889932), scan offset = (0.000000, 3600.000000)
[2024/09/27-16:21:00.099-calcBoth.cpp-510] (Az, El) = (258.043028, 13.889932), scan offset = (0.000000, 3600.000000)
[2024/09/27-16:21:00.419-calcBoth.cpp-510] (Az, El) = (258.043864, 13.888882), scan offset = (0.000000, 3600.000000)
[2024/09/27-16:21:00.739-calcBoth.cpp-510] (Az, El) = (258.044699, 13.887833), scan offset = (0.000000, 3600.000000)
[2024/09/27-16:21:01.059-calcBoth.cpp-510] (Az, El) = (258.045535, 13.886784), scan offset = (0.000000, 3600.000000)
[2024/09/27-16:21:01.379-calcBoth.cpp-510] (Az, El) = (258.046370, 13.885734), scan offset = (0.000000, 3600.000000)
[2024/09/27-16:21:01.699-calcBoth.cpp-510] (Az, El) = (258.047206, 13.884685), scan offset = (0.000000, 3600.000000)
[2024/09/27-16:21:02.000-tkb32Func.cpp-1034] # On-Point  Integ end (On-Count:2) (AZ,EL) = (258.046351, 13.885753)
[2024/09/27-16:21:02.000-calcBoth.cpp-688] _trkSetSof(); Set scan offset(18000.00",18000.00") coord=3(AZEL)
[2024/09/27-16:21:02.000-tkb32Func.cpp-576] obsAuto(); Antenna Moving to Off-Point ID=-1
[2024/09/27-16:21:02.019-calcBoth.cpp-510] (Az, El) = (263.299921, 17.866978), scan offset = (18000.000000, 18000.000000)
[2024/09/27-16:21:02.339-calcBoth.cpp-510] (Az, El) = (263.300725, 17.865927), scan offset = (18000.000000, 18000.000000)
[2024/09/27-16:21:02.659-calcBoth.cpp-510] (Az, El) = (263.301530, 17.864875), scan offset = (18000.000000, 18000.000000)
[2024/09/27-16:21:02.979-calcBoth.cpp-510] (Az, El) = (263.302334, 17.863824), scan offset = (18000.000000, 18000.000000)
[2024/09/27-16:21:03.000-tkb32Func.cpp-585] ## R-Sky ID=0
[2024/09/27-16:21:03.000-if.cpp-685] ifSetAttOnOffR(); Set OnOffR=2 StepAtt=1.0 [dB]
[2024/09/27-16:21:03.299-calcBoth.cpp-510] (Az, El) = (263.303139, 17.862772), scan offset = (18000.000000, 18000.000000)
[2024/09/27-16:21:03.619-calcBoth.cpp-510] (Az, El) = (263.303943, 17.861721), scan offset = (18000.000000, 18000.000000)
[2024/09/27-16:21:03.939-calcBoth.cpp-510] (Az, El) = (263.304747, 17.860669), scan offset = (18000.000000, 18000.000000)
[2024/09/27-16:21:04.000-tkb32Func.cpp-1310] rCloseWait(); Chopper close
[2024/09/27-16:21:04.000-tkb32Func.cpp-1348] rCloseWait(); Chopper close success
[2024/09/27-16:21:04.000-tkb32Func.cpp-760] # R-Sky     Integ start
[2024/09/27-16:21:04.000-tkb32Func.cpp-1426] integStart(); startTime=16:21:05, OnOffRoad = 2
[2024/09/27-16:21:04.259-calcBoth.cpp-510] (Az, El) = (263.305552, 17.859618), scan offset = (18000.000000, 18000.000000)
[2024/09/27-16:21:04.579-calcBoth.cpp-510] (Az, El) = (263.306356, 17.858566), scan offset = (18000.000000, 18000.000000)
[2024/09/27-16:21:04.899-calcBoth.cpp-510] (Az, El) = (263.307161, 17.857515), scan offset = (18000.000000, 18000.000000)
[2024/09/27-16:21:05.219-calcBoth.cpp-510] (Az, El) = (263.307965, 17.856463), scan offset = (18000.000000, 18000.000000)
[2024/09/27-16:21:05.539-calcBoth.cpp-510] (Az, El) = (263.308769, 17.855411), scan offset = (18000.000000, 18000.000000)
[2024/09/27-16:21:05.859-calcBoth.cpp-510] (Az, El) = (263.309574, 17.854360), scan offset = (18000.000000, 18000.000000)
[2024/09/27-16:21:06.179-calcBoth.cpp-510] (Az, El) = (263.310378, 17.853308), scan offset = (18000.000000, 18000.000000)
[2024/09/27-16:21:06.499-calcBoth.cpp-510] (Az, El) = (263.311182, 17.852257), scan offset = (18000.000000, 18000.000000)
[2024/09/27-16:21:06.819-calcBoth.cpp-510] (Az, El) = (263.311987, 17.851205), scan offset = (18000.000000, 18000.000000)
[2024/09/27-16:21:07.139-calcBoth.cpp-510] (Az, El) = (263.312791, 17.850154), scan offset = (18000.000000, 18000.000000)
[2024/09/27-16:21:07.459-calcBoth.cpp-510] (Az, El) = (263.313595, 17.849102), scan offset = (18000.000000, 18000.000000)
[2024/09/27-16:21:07.779-calcBoth.cpp-510] (Az, El) = (263.314400, 17.848051), scan offset = (18000.000000, 18000.000000)
[2024/09/27-16:21:08.099-calcBoth.cpp-510] (Az, El) = (263.315204, 17.846999), scan offset = (18000.000000, 18000.000000)
[2024/09/27-16:21:08.419-calcBoth.cpp-510] (Az, El) = (263.316008, 17.845947), scan offset = (18000.000000, 18000.000000)
[2024/09/27-16:21:08.739-calcBoth.cpp-510] (Az, El) = (263.316813, 17.844896), scan offset = (18000.000000, 18000.000000)
[2024/09/27-16:21:09.059-calcBoth.cpp-510] (Az, El) = (263.317617, 17.843844), scan offset = (18000.000000, 18000.000000)
[2024/09/27-16:21:09.379-calcBoth.cpp-510] (Az, El) = (263.318421, 17.842793), scan offset = (18000.000000, 18000.000000)
[2024/09/27-16:21:09.699-calcBoth.cpp-510] (Az, El) = (263.319226, 17.841741), scan offset = (18000.000000, 18000.000000)
[2024/09/27-16:21:10.019-calcBoth.cpp-510] (Az, El) = (263.320030, 17.840690), scan offset = (18000.000000, 18000.000000)
[2024/09/27-16:21:10.339-calcBoth.cpp-510] (Az, El) = (263.320834, 17.839638), scan offset = (18000.000000, 18000.000000)
[2024/09/27-16:21:10.659-calcBoth.cpp-510] (Az, El) = (263.321639, 17.838586), scan offset = (18000.000000, 18000.000000)
[2024/09/27-16:21:10.979-calcBoth.cpp-510] (Az, El) = (263.322443, 17.837535), scan offset = (18000.000000, 18000.000000)
[2024/09/27-16:21:11.000-tkb32Func.cpp-793] # R-Sky     Integ end  (AZ,EL) = (263.301500, 17.864878)
[2024/09/27-16:21:11.000-tkb32Func.cpp-606] ## OnOff ID=-1
[2024/09/27-16:21:11.000-if.cpp-685] ifSetAttOnOffR(); Set OnOffR=1 StepAtt=2.0 [dB]
[2024/09/27-16:21:11.000-calcBoth.cpp-1101] ifUpdate(); Fobs +4.760000000e+11 Hz,  Fdop +4.760011715e+11 Hz,  Vrad -737.832169900 m/s
[2024/09/27-16:21:11.000-if.cpp-463] Request Lo1(476.001171507 GHz, 2.0 dBm), Att  2.0 dB
[2024/09/27-16:21:11.000-if.cpp-465] Answer  Lo1(0.000000000 GHz,  0.0 dBm), Att  0.0 dB
[2024/09/27-16:21:11.000-tkb32Func.cpp-892] # Off-Point Integ start
[2024/09/27-16:21:11.000-tkb32Func.cpp-1426] integStart(); startTime=16:21:13, OnOffRoad = 1
[2024/09/27-16:21:11.299-calcBoth.cpp-510] (Az, El) = (263.323247, 17.836483), scan offset = (18000.000000, 18000.000000)
[2024/09/27-16:21:11.619-calcBoth.cpp-510] (Az, El) = (263.324051, 17.835432), scan offset = (18000.000000, 18000.000000)
[2024/09/27-16:21:11.939-calcBoth.cpp-510] (Az, El) = (263.324856, 17.834380), scan offset = (18000.000000, 18000.000000)
[2024/09/27-16:21:12.259-calcBoth.cpp-510] (Az, El) = (263.325660, 17.833328), scan offset = (18000.000000, 18000.000000)
[2024/09/27-16:21:12.579-calcBoth.cpp-510] (Az, El) = (263.326464, 17.832277), scan offset = (18000.000000, 18000.000000)
[2024/09/27-16:21:12.899-calcBoth.cpp-510] (Az, El) = (263.327268, 17.831225), scan offset = (18000.000000, 18000.000000)
[2024/09/27-16:21:13.219-calcBoth.cpp-510] (Az, El) = (263.328073, 17.830174), scan offset = (18000.000000, 18000.000000)
[2024/09/27-16:21:13.539-penguin_tracking.cpp-152] _setTime(): 20240927162113.539077
[2024/09/27-16:21:13.539-penguin_tracking.cpp-366] penguin_tracking_work(): LST=4.485242, (Az, El)=(4.595956, 0.310196)
[2024/09/27-16:21:13.539-calcBoth.cpp-510] (Az, El) = (263.328877, 17.829122), scan offset = (18000.000000, 18000.000000)
[2024/09/27-16:21:13.859-calcBoth.cpp-510] (Az, El) = (263.329681, 17.828070), scan offset = (18000.000000, 18000.000000)
[2024/09/27-16:21:14.179-calcBoth.cpp-510] (Az, El) = (263.330485, 17.827019), scan offset = (18000.000000, 18000.000000)
[2024/09/27-16:21:14.499-calcBoth.cpp-510] (Az, El) = (263.331290, 17.825967), scan offset = (18000.000000, 18000.000000)
[2024/09/27-16:21:14.819-calcBoth.cpp-510] (Az, El) = (263.332094, 17.824915), scan offset = (18000.000000, 18000.000000)
[2024/09/27-16:21:15.139-calcBoth.cpp-510] (Az, El) = (263.332898, 17.823864), scan offset = (18000.000000, 18000.000000)
[2024/09/27-16:21:15.459-calcBoth.cpp-510] (Az, El) = (263.333702, 17.822812), scan offset = (18000.000000, 18000.000000)
[2024/09/27-16:21:15.779-calcBoth.cpp-510] (Az, El) = (263.334506, 17.821760), scan offset = (18000.000000, 18000.000000)
[2024/09/27-16:21:16.099-calcBoth.cpp-510] (Az, El) = (263.335311, 17.820709), scan offset = (18000.000000, 18000.000000)
[2024/09/27-16:21:16.419-calcBoth.cpp-510] (Az, El) = (263.336115, 17.819657), scan offset = (18000.000000, 18000.000000)
[2024/09/27-16:21:16.739-calcBoth.cpp-510] (Az, El) = (263.336919, 17.818606), scan offset = (18000.000000, 18000.000000)
[2024/09/27-16:21:17.059-calcBoth.cpp-510] (Az, El) = (263.337723, 17.817554), scan offset = (18000.000000, 18000.000000)
[2024/09/27-16:21:17.379-calcBoth.cpp-510] (Az, El) = (263.338527, 17.816502), scan offset = (18000.000000, 18000.000000)
[2024/09/27-16:21:17.699-calcBoth.cpp-510] (Az, El) = (263.339331, 17.815450), scan offset = (18000.000000, 18000.000000)
[2024/09/27-16:21:18.019-calcBoth.cpp-510] (Az, El) = (263.340136, 17.814399), scan offset = (18000.000000, 18000.000000)
[2024/09/27-16:21:18.339-calcBoth.cpp-510] (Az, El) = (263.340940, 17.813347), scan offset = (18000.000000, 18000.000000)
[2024/09/27-16:21:18.659-calcBoth.cpp-510] (Az, El) = (263.341744, 17.812296), scan offset = (18000.000000, 18000.000000)
[2024/09/27-16:21:18.979-calcBoth.cpp-510] (Az, El) = (263.342548, 17.811244), scan offset = (18000.000000, 18000.000000)
[2024/09/27-16:21:19.000-tkb32Func.cpp-1037] # Off-Point Integ end (AZ,EL) = (263.341726, 17.812307)
[2024/09/27-16:21:19.000-calcBoth.cpp-688] _trkSetSof(); Set scan offset(-4320.00",0.00") coord=3(AZEL)
[2024/09/27-16:21:19.000-tkb32Func.cpp-571] obsAuto(); Antenna Moving to On-Point ID=+1
[2024/09/27-16:21:19.299-calcBoth.cpp-510] (Az, El) = (256.862791, 12.832658), scan offset = (-4320.000000, 0.000000)
[2024/09/27-16:21:19.619-calcBoth.cpp-510] (Az, El) = (256.863631, 12.831610), scan offset = (-4320.000000, 0.000000)
[2024/09/27-16:21:19.939-calcBoth.cpp-510] (Az, El) = (256.864471, 12.830561), scan offset = (-4320.000000, 0.000000)
[2024/09/27-16:21:20.000-tkb32Func.cpp-606] ## OnOff ID=+1
[2024/09/27-16:21:20.000-if.cpp-685] ifSetAttOnOffR(); Set OnOffR=1 StepAtt=2.0 [dB]
[2024/09/27-16:21:20.000-tkb32Func.cpp-845] OnOff(); OnPoint(PSW) OnOffR = 0
[2024/09/27-16:21:20.259-calcBoth.cpp-510] (Az, El) = (256.865312, 12.829512), scan offset = (-4320.000000, 0.000000)
[2024/09/27-16:21:20.579-calcBoth.cpp-510] (Az, El) = (256.866152, 12.828463), scan offset = (-4320.000000, 0.000000)
[2024/09/27-16:21:20.899-calcBoth.cpp-510] (Az, El) = (256.866992, 12.827415), scan offset = (-4320.000000, 0.000000)
[2024/09/27-16:21:21.000-tkb32Func.cpp-889] # On-Point  Integ start
[2024/09/27-16:21:21.000-tkb32Func.cpp-938] OnOff(); AppWaiting 1.000000 seconds.
[2024/09/27-16:21:21.220-calcBoth.cpp-510] (Az, El) = (256.867835, 12.826362), scan offset = (-4320.000000, 0.000000)
[2024/09/27-16:21:21.541-calcBoth.cpp-510] (Az, El) = (256.868677, 12.825311), scan offset = (-4320.000000, 0.000000)
[2024/09/27-16:21:21.862-calcBoth.cpp-510] (Az, El) = (256.869520, 12.824259), scan offset = (-4320.000000, 0.000000)
[2024/09/27-16:21:22.001-tkb32Func.cpp-941] OnOff(); AppWaiting end.
[2024/09/27-16:21:22.001-tkb32Func.cpp-1426] integStart(); startTime=16:21:24, OnOffRoad = 0
[2024/09/27-16:21:22.183-calcBoth.cpp-510] (Az, El) = (256.870362, 12.823208), scan offset = (-4320.000000, 0.000000)
[2024/09/27-16:21:22.503-calcBoth.cpp-510] (Az, El) = (256.871204, 12.822157), scan offset = (-4320.000000, 0.000000)
[2024/09/27-16:21:22.999-calcBoth.cpp-510] (Az, El) = (256.872505, 12.820533), scan offset = (-4320.000000, 0.000000)
[2024/09/27-16:21:23.299-calcBoth.cpp-510] (Az, El) = (256.934254, 12.819549), scan offset = (-4105.945946, 0.000000)
[2024/09/27-16:21:23.599-calcBoth.cpp-510] (Az, El) = (256.996001, 12.818566), scan offset = (-3891.891892, 0.000000)
[2024/09/27-16:21:23.899-calcBoth.cpp-510] (Az, El) = (257.057748, 12.817583), scan offset = (-3677.837838, 0.000000)
[2024/09/27-16:21:24.199-calcBoth.cpp-510] (Az, El) = (257.119495, 12.816600), scan offset = (-3463.783784, 0.000000)
[2024/09/27-16:21:24.499-calcBoth.cpp-510] (Az, El) = (257.181241, 12.815616), scan offset = (-3249.729730, 0.000000)
[2024/09/27-16:21:24.799-calcBoth.cpp-510] (Az, El) = (257.242987, 12.814633), scan offset = (-3035.675676, 0.000000)
[2024/09/27-16:21:25.099-calcBoth.cpp-510] (Az, El) = (257.304732, 12.813650), scan offset = (-2821.621622, 0.000000)
[2024/09/27-16:21:25.399-calcBoth.cpp-510] (Az, El) = (257.366477, 12.812667), scan offset = (-2607.567568, 0.000000)
[2024/09/27-16:21:25.699-calcBoth.cpp-510] (Az, El) = (257.428221, 12.811684), scan offset = (-2393.513514, 0.000000)
[2024/09/27-16:21:25.999-calcBoth.cpp-510] (Az, El) = (257.489965, 12.810700), scan offset = (-2179.459459, 0.000000)
[2024/09/27-16:21:26.299-calcBoth.cpp-510] (Az, El) = (257.551708, 12.809717), scan offset = (-1965.405405, 0.000000)
[2024/09/27-16:21:26.599-calcBoth.cpp-510] (Az, El) = (257.613451, 12.808734), scan offset = (-1751.351351, 0.000000)
[2024/09/27-16:21:26.899-calcBoth.cpp-510] (Az, El) = (257.675193, 12.807751), scan offset = (-1537.297297, 0.000000)
[2024/09/27-16:21:27.199-calcBoth.cpp-510] (Az, El) = (257.736935, 12.806767), scan offset = (-1323.243243, 0.000000)
[2024/09/27-16:21:27.499-calcBoth.cpp-510] (Az, El) = (257.798677, 12.805784), scan offset = (-1109.189189, 0.000000)
[2024/09/27-16:21:27.799-calcBoth.cpp-510] (Az, El) = (257.860417, 12.804801), scan offset = (-895.135135, 0.000000)
[2024/09/27-16:21:28.099-calcBoth.cpp-510] (Az, El) = (257.922158, 12.803818), scan offset = (-681.081081, 0.000000)
[2024/09/27-16:21:28.399-calcBoth.cpp-510] (Az, El) = (257.983897, 12.802835), scan offset = (-467.027027, 0.000000)
[2024/09/27-16:21:28.699-calcBoth.cpp-510] (Az, El) = (258.045637, 12.801851), scan offset = (-252.972973, 0.000000)
[2024/09/27-16:21:28.999-calcBoth.cpp-510] (Az, El) = (258.107376, 12.800868), scan offset = (-38.918919, 0.000000)
[2024/09/27-16:21:29.299-calcBoth.cpp-510] (Az, El) = (258.169114, 12.799885), scan offset = (175.135135, 0.000000)
[2024/09/27-16:21:29.599-calcBoth.cpp-510] (Az, El) = (258.230852, 12.798902), scan offset = (389.189189, 0.000000)
[2024/09/27-16:21:29.899-calcBoth.cpp-510] (Az, El) = (258.292589, 12.797918), scan offset = (603.243243, 0.000000)
[2024/09/27-16:21:30.199-calcBoth.cpp-510] (Az, El) = (258.354326, 12.796935), scan offset = (817.297297, 0.000000)
[2024/09/27-16:21:30.499-calcBoth.cpp-510] (Az, El) = (258.416063, 12.795952), scan offset = (1031.351351, 0.000000)
[2024/09/27-16:21:30.799-calcBoth.cpp-510] (Az, El) = (258.477799, 12.794969), scan offset = (1245.405405, 0.000000)
[2024/09/27-16:21:31.099-calcBoth.cpp-510] (Az, El) = (258.539534, 12.793985), scan offset = (1459.459459, 0.000000)
[2024/09/27-16:21:31.399-calcBoth.cpp-510] (Az, El) = (258.601270, 12.793002), scan offset = (1673.513514, 0.000000)
[2024/09/27-16:21:31.699-calcBoth.cpp-510] (Az, El) = (258.663004, 12.792019), scan offset = (1887.567568, 0.000000)
[2024/09/27-16:21:31.999-calcBoth.cpp-510] (Az, El) = (258.724738, 12.791036), scan offset = (2101.621622, 0.000000)
[2024/09/27-16:21:32.299-calcBoth.cpp-510] (Az, El) = (258.786472, 12.790052), scan offset = (2315.675676, 0.000000)
[2024/09/27-16:21:32.599-calcBoth.cpp-510] (Az, El) = (258.848205, 12.789069), scan offset = (2529.729730, 0.000000)
[2024/09/27-16:21:32.899-calcBoth.cpp-510] (Az, El) = (258.909938, 12.788086), scan offset = (2743.783784, 0.000000)
[2024/09/27-16:21:33.199-calcBoth.cpp-510] (Az, El) = (258.971670, 12.787103), scan offset = (2957.837838, 0.000000)
[2024/09/27-16:21:33.499-calcBoth.cpp-510] (Az, El) = (259.033402, 12.786119), scan offset = (3171.891892, 0.000000)
[2024/09/27-16:21:33.799-calcBoth.cpp-510] (Az, El) = (259.095133, 12.785136), scan offset = (3385.945946, 0.000000)
[2024/09/27-16:21:34.099-calcBoth.cpp-510] (Az, El) = (259.156864, 12.784153), scan offset = (3600.000000, 0.000000)
[2024/09/27-16:21:34.099-calcBoth.cpp-510] (Az, El) = (259.156864, 12.784152), scan offset = (3600.000000, 0.000000)
[2024/09/27-16:21:34.419-calcBoth.cpp-510] (Az, El) = (259.157694, 12.783104), scan offset = (3600.000000, 0.000000)
[2024/09/27-16:21:34.739-calcBoth.cpp-510] (Az, El) = (259.158525, 12.782055), scan offset = (3600.000000, 0.000000)
[2024/09/27-16:21:35.059-calcBoth.cpp-510] (Az, El) = (259.159355, 12.781006), scan offset = (3600.000000, 0.000000)
[2024/09/27-16:21:35.379-calcBoth.cpp-510] (Az, El) = (259.160186, 12.779957), scan offset = (3600.000000, 0.000000)
[2024/09/27-16:21:35.699-calcBoth.cpp-510] (Az, El) = (259.161016, 12.778908), scan offset = (3600.000000, 0.000000)
[2024/09/27-16:21:36.001-tkb32Func.cpp-1034] # On-Point  Integ end (On-Count:3) (AZ,EL) = (259.160162, 12.779970)
[2024/09/27-16:21:36.001-calcBoth.cpp-688] _trkSetSof(); Set scan offset(0.00",-4320.00") coord=3(AZEL)
[2024/09/27-16:21:36.001-tkb32Func.cpp-571] obsAuto(); Antenna Moving to On-Point ID=+2
[2024/09/27-16:21:36.019-calcBoth.cpp-510] (Az, El) = (258.136772, 11.585936), scan offset = (0.000000, -4320.000000)
[2024/09/27-16:21:36.339-calcBoth.cpp-510] (Az, El) = (258.137607, 11.584888), scan offset = (0.000000, -4320.000000)
[2024/09/27-16:21:36.659-calcBoth.cpp-510] (Az, El) = (258.138441, 11.583841), scan offset = (0.000000, -4320.000000)
[2024/09/27-16:21:36.979-calcBoth.cpp-510] (Az, El) = (258.139276, 11.582793), scan offset = (0.000000, -4320.000000)
[2024/09/27-16:21:37.001-tkb32Func.cpp-606] ## OnOff ID=+2
[2024/09/27-16:21:37.001-if.cpp-685] ifSetAttOnOffR(); Set OnOffR=1 StepAtt=2.0 [dB]
[2024/09/27-16:21:37.001-tkb32Func.cpp-845] OnOff(); OnPoint(PSW) OnOffR = 0
[2024/09/27-16:21:37.299-calcBoth.cpp-510] (Az, El) = (258.140111, 11.581746), scan offset = (0.000000, -4320.000000)
[2024/09/27-16:21:37.619-calcBoth.cpp-510] (Az, El) = (258.140945, 11.580698), scan offset = (0.000000, -4320.000000)
[2024/09/27-16:21:37.939-calcBoth.cpp-510] (Az, El) = (258.141780, 11.579650), scan offset = (0.000000, -4320.000000)
[2024/09/27-16:21:38.001-tkb32Func.cpp-889] # On-Point  Integ start
[2024/09/27-16:21:38.001-tkb32Func.cpp-938] OnOff(); AppWaiting 1.000000 seconds.
[2024/09/27-16:21:38.261-calcBoth.cpp-510] (Az, El) = (258.142620, 11.578596), scan offset = (0.000000, -4320.000000)
[2024/09/27-16:21:38.582-calcBoth.cpp-510] (Az, El) = (258.143457, 11.577545), scan offset = (0.000000, -4320.000000)
[2024/09/27-16:21:38.903-calcBoth.cpp-510] (Az, El) = (258.144293, 11.576496), scan offset = (0.000000, -4320.000000)
[2024/09/27-16:21:39.001-tkb32Func.cpp-941] OnOff(); AppWaiting end.
[2024/09/27-16:21:39.001-tkb32Func.cpp-1426] integStart(); startTime=16:21:41, OnOffRoad = 0
[2024/09/27-16:21:39.224-calcBoth.cpp-510] (Az, El) = (258.145130, 11.575445), scan offset = (0.000000, -4320.000000)
[2024/09/27-16:21:39.544-calcBoth.cpp-510] (Az, El) = (258.145967, 11.574395), scan offset = (0.000000, -4320.000000)
[2024/09/27-16:21:39.999-calcBoth.cpp-510] (Az, El) = (258.147153, 11.572907), scan offset = (0.000000, -4320.000000)
[2024/09/27-16:21:40.299-calcBoth.cpp-510] (Az, El) = (258.147935, 11.630947), scan offset = (0.000000, -4105.945946)
[2024/09/27-16:21:40.599-calcBoth.cpp-510] (Az, El) = (258.148718, 11.688992), scan offset = (0.000000, -3891.891892)
[2024/09/27-16:21:40.899-calcBoth.cpp-510] (Az, El) = (258.149500, 11.747040), scan offset = (0.000000, -3677.837838)
[2024/09/27-16:21:41.199-calcBoth.cpp-510] (Az, El) = (258.150282, 11.805093), scan offset = (0.000000, -3463.783784)
[2024/09/27-16:21:41.499-calcBoth.cpp-510] (Az, El) = (258.151065, 11.863148), scan offset = (0.000000, -3249.729730)
[2024/09/27-16:21:41.799-calcBoth.cpp-510] (Az, El) = (258.151847, 11.921208), scan offset = (0.000000, -3035.675676)
[2024/09/27-16:21:42.099-calcBoth.cpp-510] (Az, El) = (258.152630, 11.979271), scan offset = (0.000000, -2821.621622)
[2024/09/27-16:21:42.399-calcBoth.cpp-510] (Az, El) = (258.153412, 12.037338), scan offset = (0.000000, -2607.567568)
[2024/09/27-16:21:42.699-calcBoth.cpp-510] (Az, El) = (258.154194, 12.095408), scan offset = (0.000000, -2393.513514)
[2024/09/27-16:21:42.999-calcBoth.cpp-510] (Az, El) = (258.154977, 12.153482), scan offset = (0.000000, -2179.459459)
[2024/09/27-16:21:43.299-calcBoth.cpp-510] (Az, El) = (258.155759, 12.211560), scan offset = (0.000000, -1965.405405)
[2024/09/27-16:21:43.599-calcBoth.cpp-510] (Az, El) = (258.156541, 12.269640), scan offset = (0.000000, -1751.351351)
[2024/09/27-16:21:43.899-calcBoth.cpp-510] (Az, El) = (258.157324, 12.327724), scan offset = (0.000000, -1537.297297)
[2024/09/27-16:21:44.199-calcBoth.cpp-510] (Az, El) = (258.158106, 12.385812), scan offset = (0.000000, -1323.243243)
[2024/09/27-16:21:44.499-calcBoth.cpp-510] (Az, El) = (258.158889, 12.443903), scan offset = (0.000000, -1109.189189)
[2024/09/27-16:21:44.799-calcBoth.cpp-510] (Az, El) = (258.159671, 12.501997), scan offset = (0.000000, -895.135135)
[2024/09/27-16:21:45.099-calcBoth.cpp-510] (Az, El) = (258.160453, 12.560094), scan offset = (0.000000, -681.081081)
[2024/09/27-16:21:45.399-calcBoth.cpp-510] (Az, El) = (258.161236, 12.618194), scan offset = (0.000000, -467.027027)
[2024/09/27-16:21:45.699-calcBoth.cpp-510] (Az, El) = (258.162018, 12.676298), scan offset = (0.000000, -252.972973)
[2024/09/27-16:21:45.999-calcBoth.cpp-510] (Az, El) = (258.162800, 12.734404), scan offset = (0.000000, -38.918919)
[2024/09/27-16:21:46.299-calcBoth.cpp-510] (Az, El) = (258.163582, 12.792514), scan offset = (0.000000, 175.135135)
[2024/09/27-16:21:46.599-calcBoth.cpp-510] (Az, El) = (258.164365, 12.850626), scan offset = (0.000000, 389.189189)
[2024/09/27-16:21:46.899-calcBoth.cpp-510] (Az, El) = (258.165147, 12.908742), scan offset = (0.000000, 603.243243)
[2024/09/27-16:21:47.199-calcBoth.cpp-510] (Az, El) = (258.165929, 12.966860), scan offset = (0.000000, 817.297297)
[2024/09/27-16:21:47.499-calcBoth.cpp-510] (Az, El) = (258.166712, 13.024982), scan offset = (0.000000, 1031.351351)
[2024/09/27-16:21:47.799-calcBoth.cpp-510] (Az, El) = (258.167494, 13.083106), scan offset = (0.000000, 1245.405405)
[2024/09/27-16:21:48.099-calcBoth.cpp-510] (Az, El) = (258.168276, 13.141233), scan offset = (0.000000, 1459.459459)
[2024/09/27-16:21:48.399-calcBoth.cpp-510] (Az, El) = (258.169058, 13.199363), scan offset = (0.000000, 1673.513514)
[2024/09/27-16:21:48.699-calcBoth.cpp-510] (Az, El) = (258.169841, 13.257495), scan offset = (0.000000, 1887.567568)
[2024/09/27-16:21:48.999-calcBoth.cpp-510] (Az, El) = (258.170623, 13.315631), scan offset = (0.000000, 2101.621622)
[2024/09/27-16:21:49.299-calcBoth.cpp-510] (Az, El) = (258.171405, 13.373769), scan offset = (0.000000, 2315.675676)
[2024/09/27-16:21:49.599-calcBoth.cpp-510] (Az, El) = (258.172187, 13.431909), scan offset = (0.000000, 2529.729730)
[2024/09/27-16:21:49.899-calcBoth.cpp-510] (Az, El) = (258.172970, 13.490053), scan offset = (0.000000, 2743.783784)
[2024/09/27-16:21:50.199-calcBoth.cpp-510] (Az, El) = (258.173752, 13.548199), scan offset = (0.000000, 2957.837838)
[2024/09/27-16:21:50.499-calcBoth.cpp-510] (Az, El) = (258.174534, 13.606347), scan offset = (0.000000, 3171.891892)
[2024/09/27-16:21:50.799-calcBoth.cpp-510] (Az, El) = (258.175316, 13.664498), scan offset = (0.000000, 3385.945946)
[2024/09/27-16:21:51.099-calcBoth.cpp-510] (Az, El) = (258.176098, 13.722652), scan offset = (0.000000, 3600.000000)
[2024/09/27-16:21:51.099-calcBoth.cpp-510] (Az, El) = (258.176099, 13.722652), scan offset = (0.000000, 3600.000000)
[2024/09/27-16:21:51.419-calcBoth.cpp-510] (Az, El) = (258.176933, 13.721602), scan offset = (0.000000, 3600.000000)
[2024/09/27-16:21:51.739-calcBoth.cpp-510] (Az, El) = (258.177767, 13.720552), scan offset = (0.000000, 3600.000000)
[2024/09/27-16:21:52.059-calcBoth.cpp-510] (Az, El) = (258.178601, 13.719502), scan offset = (0.000000, 3600.000000)
[2024/09/27-16:21:52.379-calcBoth.cpp-510] (Az, El) = (258.179436, 13.718452), scan offset = (0.000000, 3600.000000)
[2024/09/27-16:21:52.699-calcBoth.cpp-510] (Az, El) = (258.180270, 13.717403), scan offset = (0.000000, 3600.000000)
[2024/09/27-16:21:53.001-tkb32Func.cpp-1034] # On-Point  Integ end (On-Count:4) (AZ,EL) = (258.179405, 13.718463)
[2024/09/27-16:21:53.001-calcBoth.cpp-688] _trkSetSof(); Set scan offset(18000.00",18000.00") coord=3(AZEL)
[2024/09/27-16:21:53.001-tkb32Func.cpp-576] obsAuto(); Antenna Moving to Off-Point ID=-1
[2024/09/27-16:21:53.019-calcBoth.cpp-510] (Az, El) = (263.428055, 17.699357), scan offset = (18000.000000, 18000.000000)
[2024/09/27-16:21:53.339-calcBoth.cpp-510] (Az, El) = (263.428859, 17.698305), scan offset = (18000.000000, 18000.000000)
[2024/09/27-16:21:53.659-calcBoth.cpp-510] (Az, El) = (263.429662, 17.697253), scan offset = (18000.000000, 18000.000000)
[2024/09/27-16:21:53.979-calcBoth.cpp-510] (Az, El) = (263.430466, 17.696201), scan offset = (18000.000000, 18000.000000)
[2024/09/27-16:21:54.001-tkb32Func.cpp-585] ## R-Sky ID=0
[2024/09/27-16:21:54.001-if.cpp-685] ifSetAttOnOffR(); Set OnOffR=2 StepAtt=1.0 [dB]
[2024/09/27-16:21:54.299-calcBoth.cpp-510] (Az, El) = (263.431269, 17.695149), scan offset = (18000.000000, 18000.000000)
[2024/09/27-16:21:54.619-calcBoth.cpp-510] (Az, El) = (263.432073, 17.694097), scan offset = (18000.000000, 18000.000000)
[2024/09/27-16:21:54.939-calcBoth.cpp-510] (Az, El) = (263.432876, 17.693045), scan offset = (18000.000000, 18000.000000)
[2024/09/27-16:21:55.001-tkb32Func.cpp-1310] rCloseWait(); Chopper close
[2024/09/27-16:21:55.001-tkb32Func.cpp-1348] rCloseWait(); Chopper close success
[2024/09/27-16:21:55.001-tkb32Func.cpp-760] # R-Sky     Integ start
[2024/09/27-16:21:55.001-tkb32Func.cpp-1426] integStart(); startTime=16:21:56, OnOffRoad = 2
[2024/09/27-16:21:55.259-calcBoth.cpp-510] (Az, El) = (263.433680, 17.691993), scan offset = (18000.000000, 18000.000000)
[2024/09/27-16:21:55.579-calcBoth.cpp-510] (Az, El) = (263.434483, 17.690941), scan offset = (18000.000000, 18000.000000)
[2024/09/27-16:21:55.899-calcBoth.cpp-510] (Az, El) = (263.435287, 17.689889), scan offset = (18000.000000, 18000.000000)
[2024/09/27-16:21:56.219-calcBoth.cpp-510] (Az, El) = (263.436090, 17.688837), scan offset = (18000.000000, 18000.000000)
[2024/09/27-16:21:56.539-calcBoth.cpp-510] (Az, El) = (263.436894, 17.687785), scan offset = (18000.000000, 18000.000000)
[2024/09/27-16:21:56.859-calcBoth.cpp-510] (Az, El) = (263.437697, 17.686733), scan offset = (18000.000000, 18000.000000)
[2024/09/27-16:21:57.179-calcBoth.cpp-510] (Az, El) = (263.438501, 17.685681), scan offset = (18000.000000, 18000.000000)
[2024/09/27-16:21:57.499-calcBoth.cpp-510] (Az, El) = (263.439304, 17.684629), scan offset = (18000.000000, 18000.000000)
[2024/09/27-16:21:57.819-calcBoth.cpp-510] (Az, El) = (263.440107, 17.683577), scan offset = (18000.000000, 18000.000000)
[2024/09/27-16:21:58.139-calcBoth.cpp-510] (Az, El) = (263.440911, 17.682525), scan offset = (18000.000000, 18000.000000)
[2024/09/27-16:21:58.459-calcBoth.cpp-510] (Az, El) = (263.441714, 17.681473), scan offset = (18000.000000, 18000.000000)
[2024/09/27-16:21:58.779-calcBoth.cpp-510] (Az, El) = (263.442518, 17.680421), scan offset = (18000.000000, 18000.000000)
[2024/09/27-16:21:59.099-calcBoth.cpp-510] (Az, El) = (263.443321, 17.679369), scan offset = (18000.000000, 18000.000000)
[2024/09/27-16:21:59.419-calcBoth.cpp-510] (Az, El) = (263.444125, 17.678317), scan offset = (18000.000000, 18000.000000)
[2024/09/27-16:21:59.739-calcBoth.cpp-510] (Az, El) = (263.444928, 17.677265), scan offset = (18000.000000, 18000.000000)
[2024/09/27-16:22:00.059-calcBoth.cpp-510] (Az, El) = (263.445731, 17.676213), scan offset = (18000.000000, 18000.000000)
[2024/09/27-16:22:00.379-calcBoth.cpp-510] (Az, El) = (263.446535, 17.675161), scan offset = (18000.000000, 18000.000000)
[2024/09/27-16:22:00.699-calcBoth.cpp-510] (Az, El) = (263.447338, 17.674109), scan offset = (18000.000000, 18000.000000)
[2024/09/27-16:22:01.019-calcBoth.cpp-510] (Az, El) = (263.448142, 17.673057), scan offset = (18000.000000, 18000.000000)
[2024/09/27-16:22:01.339-calcBoth.cpp-510] (Az, El) = (263.448945, 17.672005), scan offset = (18000.000000, 18000.000000)
[2024/09/27-16:22:01.659-calcBoth.cpp-510] (Az, El) = (263.449748, 17.670953), scan offset = (18000.000000, 18000.000000)
[2024/09/27-16:22:01.979-calcBoth.cpp-510] (Az, El) = (263.450552, 17.669901), scan offset = (18000.000000, 18000.000000)
[2024/09/27-16:22:02.001-tkb32Func.cpp-793] # R-Sky     Integ end  (AZ,EL) = (263.429659, 17.697253)
[2024/09/27-16:22:02.001-tkb32Func.cpp-606] ## OnOff ID=-1
[2024/09/27-16:22:02.001-if.cpp-685] ifSetAttOnOffR(); Set OnOffR=1 StepAtt=2.0 [dB]
[2024/09/27-16:22:02.001-tkb32Func.cpp-892] # Off-Point Integ start
[2024/09/27-16:22:02.001-tkb32Func.cpp-1426] integStart(); startTime=16:22:04, OnOffRoad = 1
[2024/09/27-16:22:02.299-calcBoth.cpp-510] (Az, El) = (263.451355, 17.668849), scan offset = (18000.000000, 18000.000000)
[2024/09/27-16:22:02.619-calcBoth.cpp-510] (Az, El) = (263.452158, 17.667797), scan offset = (18000.000000, 18000.000000)
[2024/09/27-16:22:02.939-calcBoth.cpp-510] (Az, El) = (263.452962, 17.666744), scan offset = (18000.000000, 18000.000000)
[2024/09/27-16:22:03.259-calcBoth.cpp-510] (Az, El) = (263.453765, 17.665692), scan offset = (18000.000000, 18000.000000)
[2024/09/27-16:22:03.579-calcBoth.cpp-510] (Az, El) = (263.454568, 17.664640), scan offset = (18000.000000, 18000.000000)
[2024/09/27-16:22:03.899-calcBoth.cpp-510] (Az, El) = (263.455372, 17.663588), scan offset = (18000.000000, 18000.000000)
[2024/09/27-16:22:04.219-calcBoth.cpp-510] (Az, El) = (263.456175, 17.662536), scan offset = (18000.000000, 18000.000000)
[2024/09/27-16:22:04.539-calcBoth.cpp-510] (Az, El) = (263.456978, 17.661484), scan offset = (18000.000000, 18000.000000)
[2024/09/27-16:22:04.859-calcBoth.cpp-510] (Az, El) = (263.457782, 17.660432), scan offset = (18000.000000, 18000.000000)
[2024/09/27-16:22:05.179-calcBoth.cpp-510] (Az, El) = (263.458585, 17.659380), scan offset = (18000.000000, 18000.000000)
[2024/09/27-16:22:05.499-calcBoth.cpp-510] (Az, El) = (263.459388, 17.658328), scan offset = (18000.000000, 18000.000000)
[2024/09/27-16:22:05.819-calcBoth.cpp-510] (Az, El) = (263.460192, 17.657276), scan offset = (18000.000000, 18000.000000)
[2024/09/27-16:22:06.139-calcBoth.cpp-510] (Az, El) = (263.460995, 17.656224), scan offset = (18000.000000, 18000.000000)
[2024/09/27-16:22:06.459-calcBoth.cpp-510] (Az, El) = (263.461798, 17.655172), scan offset = (18000.000000, 18000.000000)
[2024/09/27-16:22:06.779-calcBoth.cpp-510] (Az, El) = (263.462602, 17.654120), scan offset = (18000.000000, 18000.000000)
[2024/09/27-16:22:07.099-calcBoth.cpp-510] (Az, El) = (263.463405, 17.653068), scan offset = (18000.000000, 18000.000000)
[2024/09/27-16:22:07.419-calcBoth.cpp-510] (Az, El) = (263.464208, 17.652015), scan offset = (18000.000000, 18000.000000)
[2024/09/27-16:22:07.739-calcBoth.cpp-510] (Az, El) = (263.465011, 17.650963), scan offset = (18000.000000, 18000.000000)
[2024/09/27-16:22:08.059-calcBoth.cpp-510] (Az, El) = (263.465815, 17.649911), scan offset = (18000.000000, 18000.000000)
[2024/09/27-16:22:08.379-calcBoth.cpp-510] (Az, El) = (263.466618, 17.648859), scan offset = (18000.000000, 18000.000000)
[2024/09/27-16:22:08.699-calcBoth.cpp-510] (Az, El) = (263.467421, 17.647807), scan offset = (18000.000000, 18000.000000)
[2024/09/27-16:22:09.019-calcBoth.cpp-510] (Az, El) = (263.468224, 17.646755), scan offset = (18000.000000, 18000.000000)
[2024/09/27-16:22:09.339-calcBoth.cpp-510] (Az, El) = (263.469028, 17.645703), scan offset = (18000.000000, 18000.000000)
[2024/09/27-16:22:09.659-calcBoth.cpp-510] (Az, El) = (263.469831, 17.644651), scan offset = (18000.000000, 18000.000000)
[2024/09/27-16:22:09.979-calcBoth.cpp-510] (Az, El) = (263.470634, 17.643599), scan offset = (18000.000000, 18000.000000)
[2024/09/27-16:22:10.000-tkb32Func.cpp-1037] # Off-Point Integ end (AZ,EL) = (263.469824, 17.644652)
[2024/09/27-16:22:10.000-calcBoth.cpp-688] _trkSetSof(); Set scan offset(-4320.00",0.00") coord=3(AZEL)
[2024/09/27-16:22:10.000-tkb32Func.cpp-571] obsAuto(); Antenna Moving to On-Point ID=+1
[2024/09/27-16:22:10.299-calcBoth.cpp-510] (Az, El) = (256.996599, 12.665490), scan offset = (-4320.000000, 0.000000)
[2024/09/27-16:22:10.619-calcBoth.cpp-510] (Az, El) = (256.997438, 12.664441), scan offset = (-4320.000000, 0.000000)
[2024/09/27-16:22:10.939-calcBoth.cpp-510] (Az, El) = (256.998277, 12.663392), scan offset = (-4320.000000, 0.000000)
[2024/09/27-16:22:11.000-tkb32Func.cpp-606] ## OnOff ID=+1
[2024/09/27-16:22:11.000-if.cpp-685] ifSetAttOnOffR(); Set OnOffR=1 StepAtt=2.0 [dB]
[2024/09/27-16:22:11.000-tkb32Func.cpp-845] OnOff(); OnPoint(PSW) OnOffR = 0
[2024/09/27-16:22:11.259-calcBoth.cpp-510] (Az, El) = (256.999116, 12.662343), scan offset = (-4320.000000, 0.000000)
[2024/09/27-16:22:11.579-calcBoth.cpp-510] (Az, El) = (256.999955, 12.661294), scan offset = (-4320.000000, 0.000000)
[2024/09/27-16:22:11.899-calcBoth.cpp-510] (Az, El) = (257.000794, 12.660245), scan offset = (-4320.000000, 0.000000)
[2024/09/27-16:22:12.000-tkb32Func.cpp-889] # On-Point  Integ start
[2024/09/27-16:22:12.000-tkb32Func.cpp-938] OnOff(); AppWaiting 1.000000 seconds.
[2024/09/27-16:22:12.220-calcBoth.cpp-510] (Az, El) = (257.001635, 12.659193), scan offset = (-4320.000000, 0.000000)
[2024/09/27-16:22:12.541-calcBoth.cpp-510] (Az, El) = (257.002476, 12.658141), scan offset = (-4320.000000, 0.000000)
[2024/09/27-16:22:12.862-calcBoth.cpp-510] (Az, El) = (257.003317, 12.657089), scan offset = (-4320.000000, 0.000000)
[2024/09/27-16:22:13.000-tkb32Func.cpp-941] OnOff(); AppWaiting end.
[2024/09/27-16:22:13.000-tkb32Func.cpp-1426] integStart(); startTime=16:22:15, OnOffRoad = 0
[2024/09/27-16:22:13.182-calcBoth.cpp-510] (Az, El) = (257.004158, 12.656038), scan offset = (-4320.000000, 0.000000)
[2024/09/27-16:22:13.503-calcBoth.cpp-510] (Az, El) = (257.004998, 12.654987), scan offset = (-4320.000000, 0.000000)
[2024/09/27-16:22:13.999-calcBoth.cpp-510] (Az, El) = (257.006299, 12.653360), scan offset = (-4320.000000, 0.000000)
[2024/09/27-16:22:14.299-calcBoth.cpp-510] (Az, El) = (257.068005, 12.652377), scan offset = (-4105.945946, 0.000000)
[2024/09/27-16:22:14.599-calcBoth.cpp-510] (Az, El) = (257.129712, 12.651393), scan offset = (-3891.891892, 0.000000)
[2024/09/27-16:22:14.899-calcBoth.cpp-510] (Az, El) = (257.191417, 12.650410), scan offset = (-3677.837838, 0.000000)
[2024/09/27-16:22:15.199-calcBoth.cpp-510] (Az, El) = (257.253123, 12.649426), scan offset = (-3463.783784, 0.000000)
[2024/09/27-16:22:15.499-calcBoth.cpp-510] (Az, El) = (257.314828, 12.648442), scan offset = (-3249.729730, 0.000000)
[2024/09/27-16:22:15.799-penguin_tracking.cpp-152] _setTime(): 20240927162215.799005
[2024/09/27-16:22:15.799-penguin_tracking.cpp-366] penguin_tracking_work(): LST=4.489782, (Az, El)=(4.492068, 0.219345)
[2024/09/27-16:22:15.799-calcBoth.cpp-510] (Az, El) = (257.376532, 12.647459), scan offset = (-3035.675676, 0.000000)
[2024/09/27-16:22:16.099-calcBoth.cpp-510] (Az, El) = (257.438236, 12.646475), scan offset = (-2821.621622, 0.000000)
[2024/09/27-16:22:16.399-calcBoth.cpp-510] (Az, El) = (257.499939, 12.645492), scan offset = (-2607.567568, 0.000000)
[2024/09/27-16:22:16.699-calcBoth.cpp-510] (Az, El) = (257.561642, 12.644508), scan offset = (-2393.513514, 0.000000)
[2024/09/27-16:22:16.999-calcBoth.cpp-510] (Az, El) = (257.623345, 12.643525), scan offset = (-2179.459459, 0.000000)
[2024/09/27-16:22:17.299-calcBoth.cpp-510] (Az, El) = (257.685047, 12.642541), scan offset = (-1965.405405, 0.000000)
[2024/09/27-16:22:17.599-calcBoth.cpp-510] (Az, El) = (257.746748, 12.641558), scan offset = (-1751.351351, 0.000000)
[2024/09/27-16:22:17.899-calcBoth.cpp-510] (Az, El) = (257.808449, 12.640574), scan offset = (-1537.297297, 0.000000)
[2024/09/27-16:22:18.199-calcBoth.cpp-510] (Az, El) = (257.870149, 12.639591), scan offset = (-1323.243243, 0.000000)
[2024/09/27-16:22:18.499-calcBoth.cpp-510] (Az, El) = (257.931849, 12.638607), scan offset = (-1109.189189, 0.000000)
[2024/09/27-16:22:18.799-calcBoth.cpp-510] (Az, El) = (257.993549, 12.637623), scan offset = (-895.135135, 0.000000)
[2024/09/27-16:22:19.099-calcBoth.cpp-510] (Az, El) = (258.055248, 12.636640), scan offset = (-681.081081, 0.000000)
[2024/09/27-16:22:19.399-calcBoth.cpp-510] (Az, El) = (258.116947, 12.635656), scan offset = (-467.027027, 0.000000)
[2024/09/27-16:22:19.699-calcBoth.cpp-510] (Az, El) = (258.178645, 12.634673), scan offset = (-252.972973, 0.000000)
[2024/09/27-16:22:19.999-calcBoth.cpp-510] (Az, El) = (258.240342, 12.633689), scan offset = (-38.918919, 0.000000)
[2024/09/27-16:22:20.299-calcBoth.cpp-510] (Az, El) = (258.302039, 12.632706), scan offset = (175.135135, 0.000000)
[2024/09/27-16:22:20.599-calcBoth.cpp-510] (Az, El) = (258.363736, 12.631722), scan offset = (389.189189, 0.000000)
[2024/09/27-16:22:20.899-calcBoth.cpp-510] (Az, El) = (258.425432, 12.630738), scan offset = (603.243243, 0.000000)
[2024/09/27-16:22:21.199-calcBoth.cpp-510] (Az, El) = (258.487128, 12.629755), scan offset = (817.297297, 0.000000)
[2024/09/27-16:22:21.499-calcBoth.cpp-510] (Az, El) = (258.548823, 12.628771), scan offset = (1031.351351, 0.000000)
[2024/09/27-16:22:21.799-calcBoth.cpp-510] (Az, El) = (258.610518, 12.627788), scan offset = (1245.405405, 0.000000)
[2024/09/27-16:22:22.099-calcBoth.cpp-510] (Az, El) = (258.672212, 12.626804), scan offset = (1459.459459, 0.000000)
[2024/09/27-16:22:22.399-calcBoth.cpp-510] (Az, El) = (258.733906, 12.625821), scan offset = (1673.513514, 0.000000)
[2024/09/27-16:22:22.699-calcBoth.cpp-510] (Az, El) = (258.795599, 12.624837), scan offset = (1887.567568, 0.000000)
[2024/09/27-16:22:22.999-calcBoth.cpp-510] (Az, El) = (258.857292, 12.623853), scan offset = (2101.621622, 0.000000)
[2024/09/27-16:22:23.299-calcBoth.cpp-510] (Az, El) = (258.918985, 12.622870), scan offset = (2315.675676, 0.000000)
[2024/09/27-16:22:23.599-calcBoth.cpp-510] (Az, El) = (258.980677, 12.621886), scan offset = (2529.729730, 0.000000)
[2024/09/27-16:22:23.899-calcBoth.cpp-510] (Az, El) = (259.042368, 12.620903), scan offset = (2743.783784, 0.000000)
[2024/09/27-16:22:24.199-calcBoth.cpp-510] (Az, El) = (259.104059, 12.619919), scan offset = (2957.837838, 0.000000)
[2024/09/27-16:22:24.499-calcBoth.cpp-510] (Az, El) = (259.165750, 12.618935), scan offset = (3171.891892, 0.000000)
[2024/09/27-16:22:24.799-calcBoth.cpp-510] (Az, El) = (259.227440, 12.617952), scan offset = (3385.945946, 0.000000)
[2024/09/27-16:22:25.099-calcBoth.cpp-510] (Az, El) = (259.289130, 12.616968), scan offset = (3600.000000, 0.000000)
[2024/09/27-16:22:25.099-calcBoth.cpp-510] (Az, El) = (259.289130, 12.616968), scan offset = (3600.000000, 0.000000)
[2024/09/27-16:22:25.419-calcBoth.cpp-510] (Az, El) = (259.289959, 12.615919), scan offset = (3600.000000, 0.000000)
[2024/09/27-16:22:25.739-calcBoth.cpp-510] (Az, El) = (259.290788, 12.614870), scan offset = (3600.000000, 0.000000)
[2024/09/27-16:22:26.059-calcBoth.cpp-510] (Az, El) = (259.291618, 12.613820), scan offset = (3600.000000, 0.000000)
[2024/09/27-16:22:26.379-calcBoth.cpp-510] (Az, El) = (259.292447, 12.612771), scan offset = (3600.000000, 0.000000)
[2024/09/27-16:22:26.699-calcBoth.cpp-510] (Az, El) = (259.293276, 12.611722), scan offset = (3600.000000, 0.000000)
[2024/09/27-16:22:27.001-tkb32Func.cpp-1034] # On-Point  Integ end (On-Count:5) (AZ,EL) = (259.292426, 12.612801)
[2024/09/27-16:22:27.001-calcBoth.cpp-688] _trkSetSof(); Set scan offset(0.00",-4320.00") coord=3(AZEL)
[2024/09/27-16:22:27.001-tkb32Func.cpp-571] obsAuto(); Antenna Moving to On-Point ID=+2
[2024/09/27-16:22:27.019-calcBoth.cpp-510] (Az, El) = (258.269704, 11.418957), scan offset = (0.000000, -4320.000000)
[2024/09/27-16:22:27.339-calcBoth.cpp-510] (Az, El) = (258.270538, 11.417909), scan offset = (0.000000, -4320.000000)
[2024/09/27-16:22:27.659-calcBoth.cpp-510] (Az, El) = (258.271371, 11.416861), scan offset = (0.000000, -4320.000000)
[2024/09/27-16:22:27.979-calcBoth.cpp-510] (Az, El) = (258.272205, 11.415813), scan offset = (0.000000, -4320.000000)
[2024/09/27-16:22:28.001-tkb32Func.cpp-606] ## OnOff ID=+2
[2024/09/27-16:22:28.001-if.cpp-685] ifSetAttOnOffR(); Set OnOffR=1 StepAtt=2.0 [dB]
[2024/09/27-16:22:28.001-tkb32Func.cpp-845] OnOff(); OnPoint(PSW) OnOffR = 0
[2024/09/27-16:22:28.299-calcBoth.cpp-510] (Az, El) = (258.273038, 11.414765), scan offset = (0.000000, -4320.000000)
[2024/09/27-16:22:28.619-calcBoth.cpp-510] (Az, El) = (258.273871, 11.413717), scan offset = (0.000000, -4320.000000)
[2024/09/27-16:22:28.939-calcBoth.cpp-510] (Az, El) = (258.274705, 11.412670), scan offset = (0.000000, -4320.000000)
[2024/09/27-16:22:29.001-tkb32Func.cpp-889] # On-Point  Integ start
[2024/09/27-16:22:29.001-tkb32Func.cpp-938] OnOff(); AppWaiting 1.000000 seconds.
[2024/09/27-16:22:29.261-calcBoth.cpp-510] (Az, El) = (258.275543, 11.411615), scan offset = (0.000000, -4320.000000)
[2024/09/27-16:22:29.582-calcBoth.cpp-510] (Az, El) = (258.276379, 11.410564), scan offset = (0.000000, -4320.000000)
[2024/09/27-16:22:29.903-calcBoth.cpp-510] (Az, El) = (258.277214, 11.409514), scan offset = (0.000000, -4320.000000)
[2024/09/27-16:22:30.001-tkb32Func.cpp-941] OnOff(); AppWaiting end.
[2024/09/27-16:22:30.001-tkb32Func.cpp-1426] integStart(); startTime=16:22:32, OnOffRoad = 0
[2024/09/27-16:22:30.224-calcBoth.cpp-510] (Az, El) = (258.278049, 11.408464), scan offset = (0.000000, -4320.000000)
[2024/09/27-16:22:30.544-calcBoth.cpp-510] (Az, El) = (258.278886, 11.407413), scan offset = (0.000000, -4320.000000)
[2024/09/27-16:22:30.999-calcBoth.cpp-510] (Az, El) = (258.280070, 11.405924), scan offset = (0.000000, -4320.000000)
[2024/09/27-16:22:31.299-calcBoth.cpp-510] (Az, El) = (258.280851, 11.463953), scan offset = (0.000000, -4105.945946)
[2024/09/27-16:22:31.599-calcBoth.cpp-510] (Az, El) = (258.281632, 11.521985), scan offset = (0.000000, -3891.891892)
[2024/09/27-16:22:31.899-calcBoth.cpp-510] (Az, El) = (258.282414, 11.580022), scan offset = (0.000000, -3677.837838)
[2024/09/27-16:22:32.199-calcBoth.cpp-510] (Az, El) = (258.283195, 11.638063), scan offset = (0.000000, -3463.783784)
[2024/09/27-16:22:32.499-calcBoth.cpp-510] (Az, El) = (258.283976, 11.696107), scan offset = (0.000000, -3249.729730)
[2024/09/27-16:22:32.799-calcBoth.cpp-510] (Az, El) = (258.284757, 11.754156), scan offset = (0.000000, -3035.675676)
[2024/09/27-16:22:33.099-calcBoth.cpp-510] (Az, El) = (258.285539, 11.812208), scan offset = (0.000000, -2821.621622)
[2024/09/27-16:22:33.399-calcBoth.cpp-510] (Az, El) = (258.286320, 11.870264), scan offset = (0.000000, -2607.567568)
[2024/09/27-16:22:33.699-calcBoth.cpp-510] (Az, El) = (258.287101, 11.928323), scan offset = (0.000000, -2393.513514)
[2024/09/27-16:22:33.999-calcBoth.cpp-510] (Az, El) = (258.287882, 11.986387), scan offset = (0.000000, -2179.459459)
[2024/09/27-16:22:34.299-calcBoth.cpp-510] (Az, El) = (258.288664, 12.044453), scan offset = (0.000000, -1965.405405)
[2024/09/27-16:22:34.599-calcBoth.cpp-510] (Az, El) = (258.289445, 12.102524), scan offset = (0.000000, -1751.351351)
[2024/09/27-16:22:34.899-calcBoth.cpp-510] (Az, El) = (258.290226, 12.160597), scan offset = (0.000000, -1537.297297)
[2024/09/27-16:22:35.199-calcBoth.cpp-510] (Az, El) = (258.291007, 12.218675), scan offset = (0.000000, -1323.243243)
[2024/09/27-16:22:35.499-calcBoth.cpp-510] (Az, El) = (258.291788, 12.276755), scan offset = (0.000000, -1109.189189)
[2024/09/27-16:22:35.799-calcBoth.cpp-510] (Az, El) = (258.292570, 12.334839), scan offset = (0.000000, -895.135135)
[2024/09/27-16:22:36.099-calcBoth.cpp-510] (Az, El) = (258.293351, 12.392927), scan offset = (0.000000, -681.081081)
[2024/09/27-16:22:36.399-calcBoth.cpp-510] (Az, El) = (258.294132, 12.451017), scan offset = (0.000000, -467.027027)
[2024/09/27-16:22:36.699-calcBoth.cpp-510] (Az, El) = (258.294913, 12.509111), scan offset = (0.000000, -252.972973)
[2024/09/27-16:22:36.999-calcBoth.cpp-510] (Az, El) = (258.295694, 12.567208), scan offset = (0.000000, -38.918919)
[2024/09/27-16:22:37.299-calcBoth.cpp-510] (Az, El) = (258.296475, 12.625309), scan offset = (0.000000, 175.135135)
[2024/09/27-16:22:37.599-calcBoth.cpp-510] (Az, El) = (258.297257, 12.683412), scan offset = (0.000000, 389.189189)
[2024/09/27-16:22:37.899-calcBoth.cpp-510] (Az, El) = (258.298038, 12.741518), scan offset = (0.000000, 603.243243)
[2024/09/27-16:22:38.199-calcBoth.cpp-510] (Az, El) = (258.298819, 12.799628), scan offset = (0.000000, 817.297297)
[2024/09/27-16:22:38.499-calcBoth.cpp-510] (Az, El) = (258.299600, 12.857740), scan offset = (0.000000, 1031.351351)
[2024/09/27-16:22:38.799-calcBoth.cpp-510] (Az, El) = (258.300381, 12.915856), scan offset = (0.000000, 1245.405405)
[2024/09/27-16:22:39.099-calcBoth.cpp-510] (Az, El) = (258.301162, 12.973974), scan offset = (0.000000, 1459.459459)
[2024/09/27-16:22:39.399-calcBoth.cpp-510] (Az, El) = (258.301943, 13.032095), scan offset = (0.000000, 1673.513514)
[2024/09/27-16:22:39.699-calcBoth.cpp-510] (Az, El) = (258.302724, 13.090219), scan offset = (0.000000, 1887.567568)
[2024/09/27-16:22:39.999-calcBoth.cpp-510] (Az, El) = (258.303505, 13.148346), scan offset = (0.000000, 2101.621622)
[2024/09/27-16:22:40.299-calcBoth.cpp-510] (Az, El) = (258.304287, 13.206476), scan offset = (0.000000, 2315.675676)
[2024/09/27-16:22:40.599-calcBoth.cpp-510] (Az, El) = (258.305068, 13.264608), scan offset = (0.000000, 2529.729730)
[2024/09/27-16:22:40.899-calcBoth.cpp-510] (Az, El) = (258.305849, 13.322744), scan offset = (0.000000, 2743.783784)
[2024/09/27-16:22:41.199-calcBoth.cpp-510] (Az, El) = (258.306630, 13.380882), scan offset = (0.000000, 2957.837838)
[2024/09/27-16:22:41.499-calcBoth.cpp-510] (Az, El) = (258.307411, 13.439022), scan offset = (0.000000, 3171.891892)
[2024/09/27-16:22:41.799-calcBoth.cpp-510] (Az, El) = (258.308192, 13.497165), scan offset = (0.000000, 3385.945946)
[2024/09/27-16:22:42.099-calcBoth.cpp-510] (Az, El) = (258.308973, 13.555311), scan offset = (0.000000, 3600.000000)
[2024/09/27-16:22:42.099-calcBoth.cpp-510] (Az, El) = (258.308973, 13.555311), scan offset = (0.000000, 3600.000000)
[2024/09/27-16:22:42.419-calcBoth.cpp-510] (Az, El) = (258.309806, 13.554261), scan offset = (0.000000, 3600.000000)
[2024/09/27-16:22:42.739-calcBoth.cpp-510] (Az, El) = (258.310639, 13.553211), scan offset = (0.000000, 3600.000000)
[2024/09/27-16:22:43.059-calcBoth.cpp-510] (Az, El) = (258.311472, 13.552160), scan offset = (0.000000, 3600.000000)
[2024/09/27-16:22:43.379-calcBoth.cpp-510] (Az, El) = (258.312305, 13.551110), scan offset = (0.000000, 3600.000000)
[2024/09/27-16:22:43.699-calcBoth.cpp-510] (Az, El) = (258.313139, 13.550060), scan offset = (0.000000, 3600.000000)
[2024/09/27-16:22:44.001-tkb32Func.cpp-1034] # On-Point  Integ end (On-Count:6) (AZ,EL) = (258.312277, 13.551111)
[2024/09/27-16:22:44.001-tkb32Func.cpp-643] ### End observation.
[2024/09/27-16:23:16.003-tkb32.cpp-212] MAIN__(); End ./ant30