[2024/09/27-16:20:11.680] 	-20
[2024/09/27-16:20:12.000] 	-21
[2024/09/27-16:20:12.320] 	-20
[2024/09/27-16:20:12.640] 	-21
[2024/09/27-16:20:12.960] 	-22
[2024/09/27-16:20:13.280] 	-21
[2024/09/27-16:20:13.600] 	10
[2024/09/27-16:20:13.920] 	10.1
[2024/09/27-16:20:14.240] 	10.2
[2024/09/27-16:20:14.560] 	10.3
[2024/09/27-16:20:14.880] 	10.21
[2024/09/27-16:20:15.200] 	10.4
[2024/09/27-16:20:15.520] 	10.7
[2024/09/27-16:20:15.840] 	10.1
[2024/09/27-16:20:16.160] 	10.1
[2024/09/27-16:20:16.480] 	10.2
[2024/09/27-16:20:16.800] 	10.3
[2024/09/27-16:20:17.120] 	10.4
[2024/09/27-16:20:17.440] 	10.2
[2024/09/27-16:20:17.760] 	10.1
[2024/09/27-16:20:18.080] 	10.2
[2024/09/27-16:20:18.400] 	10.04
[2024/09/27-16:20:18.720] 	10.03
[2024/09/27-16:20:19.040] 	10.2
[2024/09/27-16:20:19.360] 	10.3
[2024/09/27-16:20:19.680] 	10.42
[2024/09/27-16:20:20.000] 	10.3
[2024/09/27-16:20:20.320] 	-20.66666667
[2024/09/27-16:20:20.640] 	-20.66666667
[2024/09/27-16:20:20.960] 	-20.66666667
[2024/09/27-16:20:21.280] 	-20.66666667
[2024/09/27-16:20:21.600] 	-20.66666667
[2024/09/27-16:20:21.920] 	-20.66666667
[2024/09/27-16:20:22.240] 	-20.66666667
[2024/09/27-16:20:22.560] 	-20.66666667
[2024/09/27-16:20:22.880] 	-20.66666667
[2024/09/27-16:20:23.200] 	-20.66666667
[2024/09/27-16:20:23.520] 	-20.66666667
[2024/09/27-16:20:23.840] 	-20.66666667
[2024/09/27-16:20:24.160] 	-20.66666667
[2024/09/27-16:20:24.480] 	-20.66666667
[2024/09/27-16:20:24.800] 	-20.66666667
[2024/09/27-16:20:25.120] 	-20.66666667
[2024/09/27-16:20:25.440] 	-20.66666667
[2024/09/27-16:20:25.760] 	-20.66666667
[2024/09/27-16:20:26.080] 	-20.66666667
[2024/09/27-16:20:26.400] 	-20.66666667
[2024/09/27-16:20:26.720] 	-20.66666667
[2024/09/27-16:20:27.040] 	-20.66666667
[2024/09/27-16:20:27.360] 	-20.66666667
[2024/09/27-16:20:27.680] 	-20.66666667
[2024/09/27-16:20:28.000] 	-20.66666667
[2024/09/27-16:20:28.320] 	-20.66666667
[2024/09/27-16:20:28.640] 	-20.66666667
[2024/09/27-16:20:28.960] 	-20.66666667
[2024/09/27-16:20:29.280] 	-20.66666667
[2024/09/27-16:20:29.600] 	-20
[2024/09/27-16:20:29.920] 	-20.5
[2024/09/27-16:20:30.242] 	-20.4
[2024/09/27-16:20:30.562] 	-20.2
[2024/09/27-16:20:30.883] 	-20
[2024/09/27-16:20:31.204] 	-20.03
[2024/09/27-16:20:31.525] 	-20.033
[2024/09/27-16:20:31.999] 	-20.24
[2024/09/27-16:20:32.299] 	-20.11
[2024/09/27-16:20:32.599] 	-20.04
[2024/09/27-16:20:32.899] 	-20.58
[2024/09/27-16:20:33.199] 	-20.001
[2024/09/27-16:20:33.499] 	-19.998
[2024/09/27-16:20:33.799] 	-19.68
[2024/09/27-16:20:34.099] 	-19.65
[2024/09/27-16:20:34.399] 	-19.55
[2024/09/27-16:20:34.699] 	-19.533
[2024/09/27-16:20:34.999] 	-19.455
[2024/09/27-16:20:35.299] 	-19.433
[2024/09/27-16:20:35.599] 	-19.333
[2024/09/27-16:20:35.899] 	-19.233
[2024/09/27-16:20:36.199] 	-19.133
[2024/09/27-16:20:36.499] 	-19.033
[2024/09/27-16:20:36.799] 	-18
[2024/09/27-16:20:37.099] 	-17
[2024/09/27-16:20:37.399] 	-13
[2024/09/27-16:20:37.699] 	-10.04
[2024/09/27-16:20:37.999] 	-10.02
[2024/09/27-16:20:38.299] 	-10.024
[2024/09/27-16:20:38.599] 	-10.011
[2024/09/27-16:20:38.899] 	-10.329
[2024/09/27-16:20:39.199] 	-10.647
[2024/09/27-16:20:39.499] 	-14
[2024/09/27-16:20:39.799] 	-17
[2024/09/27-16:20:40.099] 	-18.3
[2024/09/27-16:20:40.399] 	-19
[2024/09/27-16:20:40.699] 	-20.4
[2024/09/27-16:20:40.999] 	-20.053
[2024/09/27-16:20:41.299] 	-20.067
[2024/09/27-16:20:41.599] 	-20.053
[2024/09/27-16:20:41.899] 	-20.0432
[2024/09/27-16:20:42.199] 	-20.0432
[2024/09/27-16:20:42.499] 	-20.0432
[2024/09/27-16:20:42.799] 	-20.07674
[2024/09/27-16:20:43.099] 	-20.063
[2024/09/27-16:20:43.099] 	-20.063
[2024/09/27-16:20:43.419] 	-20.063
[2024/09/27-16:20:43.739] 	-20.063
[2024/09/27-16:20:44.059] 	-20.063
[2024/09/27-16:20:44.379] 	-20.063
[2024/09/27-16:20:44.699] 	-20.063
[2024/09/27-16:20:45.019] 	-20.063
[2024/09/27-16:20:45.339] 	-20
[2024/09/27-16:20:45.659] 	-21
[2024/09/27-16:20:45.979] 	-20
[2024/09/27-16:20:46.299] 	-21
[2024/09/27-16:20:46.619] 	-20
[2024/09/27-16:20:46.939] 	-20.66666667
[2024/09/27-16:20:47.260] 	-20.66666667
[2024/09/27-16:20:47.581] 	-20.66666667
[2024/09/27-16:20:47.902] 	-20.66666667
[2024/09/27-16:20:48.223] 	-20
[2024/09/27-16:20:48.544] 	-20.03
[2024/09/27-16:20:48.999] 	-20.033
[2024/09/27-16:20:49.299] 	-20.24
[2024/09/27-16:20:49.599] 	-20.11
[2024/09/27-16:20:49.899] 	-20.04
[2024/09/27-16:20:50.199] 	-20.58
[2024/09/27-16:20:50.499] 	-20.001
[2024/09/27-16:20:50.799] 	-19.998
[2024/09/27-16:20:51.099] 	-19.68
[2024/09/27-16:20:51.399] 	-19.65
[2024/09/27-16:20:51.699] 	-19.55
[2024/09/27-16:20:51.999] 	-19.533
[2024/09/27-16:20:52.299] 	-19.455
[2024/09/27-16:20:52.599] 	-19.433
[2024/09/27-16:20:52.899] 	-19.333
[2024/09/27-16:20:53.199] 	-19.233
[2024/09/27-16:20:53.499] 	-19.133
[2024/09/27-16:20:53.799] 	-19.033
[2024/09/27-16:20:54.099] 	-18
[2024/09/27-16:20:54.399] 	-17
[2024/09/27-16:20:54.699] 	-13
[2024/09/27-16:20:54.999] 	-10.043
[2024/09/27-16:20:55.299] 	-10.034
[2024/09/27-16:20:55.599] 	-10.024
[2024/09/27-16:20:55.899] 	-10.255
[2024/09/27-16:20:56.199] 	-10.253
[2024/09/27-16:20:56.499] 	-10.566
[2024/09/27-16:20:56.799] 	-14.063
[2024/09/27-16:20:57.099] 	-17
[2024/09/27-16:20:57.399] 	-18.3
[2024/09/27-16:20:57.699] 	-19
[2024/09/27-16:20:57.999] 	-20.4
[2024/09/27-16:20:58.299] 	-20.053
[2024/09/27-16:20:58.599] 	-20.067
[2024/09/27-16:20:58.899] 	-20.053
[2024/09/27-16:20:59.199] 	-20.0432
[2024/09/27-16:20:59.499] 	-20.0432
[2024/09/27-16:20:59.799] 	-20.0432
[2024/09/27-16:21:00.099] 	-20.07674
[2024/09/27-16:21:00.099] 	-20.063
[2024/09/27-16:21:00.419] 	-20.063
[2024/09/27-16:21:00.739] 	-20.063
[2024/09/27-16:21:01.059] 	-20.063
[2024/09/27-16:21:01.379] 	-20.063
[2024/09/27-16:21:01.699] 	-20.063
[2024/09/27-16:21:02.019] 	-20.063
[2024/09/27-16:21:02.339] 	-20.063
[2024/09/27-16:21:02.659] 	-19.853
[2024/09/27-16:21:02.979] 	-20.083
[2024/09/27-16:21:03.299] 	-19.873
[2024/09/27-16:21:03.619] 	-20.103
[2024/09/27-16:21:03.939] 	-19.893
[2024/09/27-16:21:04.259] 	10.2
[2024/09/27-16:21:04.579] 	10.3
[2024/09/27-16:21:04.899] 	10.4
[2024/09/27-16:21:05.219] 	10.2
[2024/09/27-16:21:05.539] 	10.1
[2024/09/27-16:21:05.859] 	10.2
[2024/09/27-16:21:06.179] 	10.04
[2024/09/27-16:21:06.499] 	10.03
[2024/09/27-16:21:06.819] 	10.2
[2024/09/27-16:21:07.139] 	10.3
[2024/09/27-16:21:07.459] 	10.42
[2024/09/27-16:21:07.779] 	10.3
[2024/09/27-16:21:08.099] 	10.07
[2024/09/27-16:21:08.419] 	10.28
[2024/09/27-16:21:08.739] 	10.05
[2024/09/27-16:21:09.059] 	10.26
[2024/09/27-16:21:09.379] 	10.03
[2024/09/27-16:21:09.699] 	10.24
[2024/09/27-16:21:10.019] 	10.01
[2024/09/27-16:21:10.339] 	10.22
[2024/09/27-16:21:10.659] 	10.43
[2024/09/27-16:21:10.979] 	10.64
[2024/09/27-16:21:11.299] 	10.85
[2024/09/27-16:21:11.619] 	-21
[2024/09/27-16:21:11.939] 	-21.23
[2024/09/27-16:21:12.259] 	-21.02
[2024/09/27-16:21:12.579] 	-21.25
[2024/09/27-16:21:12.899] 	-21.04
[2024/09/27-16:21:13.219] 	-21.27
[2024/09/27-16:21:13.539] 	-21.06
[2024/09/27-16:21:13.859] 	-21.29
[2024/09/27-16:21:14.179] 	-21.08
[2024/09/27-16:21:14.499] 	-21.31
[2024/09/27-16:21:14.819] 	-21.1
[2024/09/27-16:21:15.139] 	-21.33
[2024/09/27-16:21:15.459] 	-21.12
[2024/09/27-16:21:15.779] 	-21.35
[2024/09/27-16:21:16.099] 	-21.14
[2024/09/27-16:21:16.419] 	-21.37
[2024/09/27-16:21:16.739] 	-21.16
[2024/09/27-16:21:17.059] 	-21.39
[2024/09/27-16:21:17.379] 	-21.18
[2024/09/27-16:21:17.699] 	-21.41
[2024/09/27-16:21:18.019] 	-21.2
[2024/09/27-16:21:18.339] 	-21.43
[2024/09/27-16:21:18.659] 	-21.22
[2024/09/27-16:21:18.979] 	-21.45
[2024/09/27-16:21:19.299] 	-21.24
[2024/09/27-16:21:19.619] 	-21.47
[2024/09/27-16:21:19.939] 	-21.26
[2024/09/27-16:21:20.259] 	-21.49
[2024/09/27-16:21:20.579] 	-21.28
[2024/09/27-16:21:20.899] 	-21.51
[2024/09/27-16:21:21.220] 	-20
[2024/09/27-16:21:21.541] 	-20.03
[2024/09/27-16:21:21.862] 	-20.033
[2024/09/27-16:21:22.183] 	-20.24
[2024/09/27-16:21:22.503] 	-20.11
[2024/09/27-16:21:22.999] 	-20.04
[2024/09/27-16:21:23.299] 	-20.58
[2024/09/27-16:21:23.599] 	-20.001
[2024/09/27-16:21:23.899] 	-19.998
[2024/09/27-16:21:24.199] 	-19.68
[2024/09/27-16:21:24.499] 	-19.65
[2024/09/27-16:21:24.799] 	-19.55
[2024/09/27-16:21:25.099] 	-19.533
[2024/09/27-16:21:25.399] 	-19.455
[2024/09/27-16:21:25.699] 	-19.433
[2024/09/27-16:21:25.999] 	-19.333
[2024/09/27-16:21:26.299] 	-19.233
[2024/09/27-16:21:26.599] 	-19.133
[2024/09/27-16:21:26.899] 	-19.033
[2024/09/27-16:21:27.199] 	-19
[2024/09/27-16:21:27.499] 	-17.74
[2024/09/27-16:21:27.799] 	-15.5
[2024/09/27-16:21:28.099] 	-9.55
[2024/09/27-16:21:28.399] 	-9.554
[2024/09/27-16:21:28.699] 	-9.533
[2024/09/27-16:21:28.999] 	-9.498
[2024/09/27-16:21:29.299] 	-9.5
[2024/09/27-16:21:29.599] 	-9.502
[2024/09/27-16:21:29.899] 	-14
[2024/09/27-16:21:30.199] 	-17
[2024/09/27-16:21:30.499] 	-18.3
[2024/09/27-16:21:30.799] 	-19
[2024/09/27-16:21:31.099] 	-19.7
[2024/09/27-16:21:31.399] 	-20.053
[2024/09/27-16:21:31.699] 	-20.067
[2024/09/27-16:21:31.999] 	-20.053
[2024/09/27-16:21:32.299] 	-20.0432
[2024/09/27-16:21:32.599] 	-20.0432
[2024/09/27-16:21:32.899] 	-20.0432
[2024/09/27-16:21:33.199] 	-20.07674
[2024/09/27-16:21:33.499] 	-20.063
[2024/09/27-16:21:33.799] 	-20.063
[2024/09/27-16:21:34.099] 	-20.063
[2024/09/27-16:21:34.099] 	-20.063
[2024/09/27-16:21:34.419] 	-20.063
[2024/09/27-16:21:34.739] 	-20.063
[2024/09/27-16:21:35.059] 	-20.063
[2024/09/27-16:21:35.379] 	-20.063
[2024/09/27-16:21:35.699] 	-20.464
[2024/09/27-16:21:36.019] 	-20.865
[2024/09/27-16:21:36.339] 	-20.352
[2024/09/27-16:21:36.659] 	-19.839
[2024/09/27-16:21:36.979] 	-19.326
[2024/09/27-16:21:37.299] 	-18.813
[2024/09/27-16:21:37.619] 	-18.3
[2024/09/27-16:21:37.939] 	-17.787
[2024/09/27-16:21:38.261] 	-20
[2024/09/27-16:21:38.582] 	-20.03
[2024/09/27-16:21:38.903] 	-20.033
[2024/09/27-16:21:39.224] 	-20.24
[2024/09/27-16:21:39.544] 	-20.11
[2024/09/27-16:21:39.999] 	-20.04
[2024/09/27-16:21:40.299] 	-20.58
[2024/09/27-16:21:40.599] 	-20.001
[2024/09/27-16:21:40.899] 	-19.998
[2024/09/27-16:21:41.199] 	-19.68
[2024/09/27-16:21:41.499] 	-19.65
[2024/09/27-16:21:41.799] 	-19.55
[2024/09/27-16:21:42.099] 	-19.533
[2024/09/27-16:21:42.399] 	-19.455
[2024/09/27-16:21:42.699] 	-19.433
[2024/09/27-16:21:42.999] 	-19.333
[2024/09/27-16:21:43.299] 	-19.233
[2024/09/27-16:21:43.599] 	-19.133
[2024/09/27-16:21:43.899] 	-19.033
[2024/09/27-16:21:44.199] 	-18
[2024/09/27-16:21:44.499] 	-17
[2024/09/27-16:21:44.799] 	-13
[2024/09/27-16:21:45.099] 	-10.04
[2024/09/27-16:21:45.399] 	-10.02
[2024/09/27-16:21:45.699] 	-10.024
[2024/09/27-16:21:45.999] 	-10.011
[2024/09/27-16:21:46.299] 	-10.329
[2024/09/27-16:21:46.599] 	-10.647
[2024/09/27-16:21:46.899] 	-14
[2024/09/27-16:21:47.199] 	-17
[2024/09/27-16:21:47.499] 	-18.3
[2024/09/27-16:21:47.799] 	-19
[2024/09/27-16:21:48.099] 	-20.4
[2024/09/27-16:21:48.399] 	-20.053
[2024/09/27-16:21:48.699] 	-20.067
[2024/09/27-16:21:48.999] 	-20.053
[2024/09/27-16:21:49.299] 	-20.0432
[2024/09/27-16:21:49.599] 	-20.0432
[2024/09/27-16:21:49.899] 	-20.0432
[2024/09/27-16:21:50.199] 	-20.07674
[2024/09/27-16:21:50.499] 	-20.063
[2024/09/27-16:21:50.799] 	-20.063
[2024/09/27-16:21:51.099] 	-20.063
[2024/09/27-16:21:51.099] 	-20.063
[2024/09/27-16:21:51.419] 	-20.063
[2024/09/27-16:21:51.739] 	-20.063
[2024/09/27-16:21:52.059] 	-20.063
[2024/09/27-16:21:52.379] 	-20.063
[2024/09/27-16:21:52.699] 	-20.063
[2024/09/27-16:21:53.019] 	-20.063
[2024/09/27-16:21:53.339] 	-20.064
[2024/09/27-16:21:53.659] 	-20.065
[2024/09/27-16:21:53.979] 	-20.066
[2024/09/27-16:21:54.299] 	-20.067
[2024/09/27-16:21:54.619] 	-20.068
[2024/09/27-16:21:54.939] 	-20.069
[2024/09/27-16:21:55.259] 	-20.07
[2024/09/27-16:21:55.579] 	-20.071
[2024/09/27-16:21:55.899] 	-20.072
[2024/09/27-16:21:56.219] 	-20.073
[2024/09/27-16:21:56.539] 	-20.074
[2024/09/27-16:21:56.859] 	-20.075
[2024/09/27-16:21:57.179] 	-20.076
[2024/09/27-16:21:57.499] 	-20.077
[2024/09/27-16:21:57.819] 	-20.078
[2024/09/27-16:21:58.139] 	10.03
[2024/09/27-16:21:58.459] 	10.029
[2024/09/27-16:21:58.779] 	10.028
[2024/09/27-16:21:59.099] 	10.027
[2024/09/27-16:21:59.419] 	10.026
[2024/09/27-16:21:59.739] 	10.025
[2024/09/27-16:22:00.059] 	10.024
[2024/09/27-16:22:00.379] 	10.023
[2024/09/27-16:22:00.699] 	10.022
[2024/09/27-16:22:01.019] 	10.021
[2024/09/27-16:22:01.339] 	10.02
[2024/09/27-16:22:01.659] 	10.019
[2024/09/27-16:22:01.979] 	10.018
[2024/09/27-16:22:02.299] 	10.017
[2024/09/27-16:22:02.619] 	10.001
[2024/09/27-16:22:02.939] 	10
[2024/09/27-16:22:03.259] 	-20.45
[2024/09/27-16:22:03.579] 	-20.451
[2024/09/27-16:22:03.899] 	-20.452
[2024/09/27-16:22:04.219] 	-20.453
[2024/09/27-16:22:04.539] 	-20.454
[2024/09/27-16:22:04.859] 	-20.455
[2024/09/27-16:22:05.179] 	-20.456
[2024/09/27-16:22:05.499] 	-20.457
[2024/09/27-16:22:05.819] 	-20.458
[2024/09/27-16:22:06.139] 	-20.459
[2024/09/27-16:22:06.459] 	-20.46
[2024/09/27-16:22:06.779] 	-20.461
[2024/09/27-16:22:07.099] 	-20.462
[2024/09/27-16:22:07.419] 	-20.463
[2024/09/27-16:22:07.739] 	-20.464
[2024/09/27-16:22:08.059] 	-20.465
[2024/09/27-16:22:08.379] 	-20.466
[2024/09/27-16:22:08.699] 	-20.467
[2024/09/27-16:22:09.019] 	-20.468
[2024/09/27-16:22:09.339] 	-20.469
[2024/09/27-16:22:09.659] 	-20.47
[2024/09/27-16:22:09.979] 	-20.471
[2024/09/27-16:22:10.299] 	-20.472
[2024/09/27-16:22:10.619] 	-20.473
[2024/09/27-16:22:10.939] 	-20.474
[2024/09/27-16:22:11.259] 	-20.475
[2024/09/27-16:22:11.579] 	-20.476
[2024/09/27-16:22:11.899] 	-20.477
[2024/09/27-16:22:12.220] 	-20
[2024/09/27-16:22:12.541] 	-20.03
[2024/09/27-16:22:12.861] 	-20.033
[2024/09/27-16:22:13.182] 	-20.24
[2024/09/27-16:22:13.503] 	-20.11
[2024/09/27-16:22:13.999] 	-20.04
[2024/09/27-16:22:14.299] 	-20.58
[2024/09/27-16:22:14.599] 	-20.001
[2024/09/27-16:22:14.899] 	-19.998
[2024/09/27-16:22:15.199] 	-19.68
[2024/09/27-16:22:15.499] 	-19.65
[2024/09/27-16:22:15.799] 	-19.55
[2024/09/27-16:22:16.099] 	-19.533
[2024/09/27-16:22:16.399] 	-19.455
[2024/09/27-16:22:16.699] 	-19.433
[2024/09/27-16:22:16.999] 	-19.333
[2024/09/27-16:22:17.299] 	-19.233
[2024/09/27-16:22:17.599] 	-19.133
[2024/09/27-16:22:17.899] 	-19.122
[2024/09/27-16:22:18.199] 	-18
[2024/09/27-16:22:18.499] 	-17
[2024/09/27-16:22:18.799] 	-13
[2024/09/27-16:22:19.099] 	-10.04
[2024/09/27-16:22:19.399] 	-10.02
[2024/09/27-16:22:19.699] 	-10.024
[2024/09/27-16:22:19.999] 	-10.011
[2024/09/27-16:22:20.299] 	-10.329
[2024/09/27-16:22:20.599] 	-10.647
[2024/09/27-16:22:20.899] 	-14
[2024/09/27-16:22:21.199] 	-17
[2024/09/27-16:22:21.499] 	-18.3
[2024/09/27-16:22:21.799] 	-19
[2024/09/27-16:22:22.099] 	-20.4
[2024/09/27-16:22:22.399] 	-20.053
[2024/09/27-16:22:22.699] 	-20.067
[2024/09/27-16:22:22.999] 	-20.053
[2024/09/27-16:22:23.299] 	-20.0432
[2024/09/27-16:22:23.599] 	-20.0432
[2024/09/27-16:22:23.899] 	-20.0432
[2024/09/27-16:22:24.199] 	-20.07674
[2024/09/27-16:22:24.499] 	-20.063
[2024/09/27-16:22:24.799] 	-20.063
[2024/09/27-16:22:25.099] 	-20.063
[2024/09/27-16:22:25.099] 	-20.063
[2024/09/27-16:22:25.419] 	-20.063
[2024/09/27-16:22:25.739] 	-20.063
[2024/09/27-16:22:26.059] 	-20.063
[2024/09/27-16:22:26.379] 	-20.063
[2024/09/27-16:22:26.699] 	-20.384
[2024/09/27-16:22:27.019] 	-20
[2024/09/27-16:22:27.339] 	-20.03
[2024/09/27-16:22:27.659] 	-20.033
[2024/09/27-16:22:27.979] 	-20.24
[2024/09/27-16:22:28.299] 	-20.11
[2024/09/27-16:22:28.619] 	-20.04
[2024/09/27-16:22:28.939] 	-20.58
[2024/09/27-16:22:29.261] 	-20.001
[2024/09/27-16:22:29.582] 	-19.998
[2024/09/27-16:22:29.903] 	-20.563
[2024/09/27-16:22:30.223] 	-20.498
[2024/09/27-16:22:30.544] 	-20.466
[2024/09/27-16:22:30.999] 	-20.468
[2024/09/27-16:22:31.299] 	-20.572
[2024/09/27-16:22:31.599] 	-20.589
[2024/09/27-16:22:31.899] 	-20.042
[2024/09/27-16:22:32.199] 	-20.043
[2024/09/27-16:22:32.499] 	-20.003
[2024/09/27-16:22:32.799] 	-20.04
[2024/09/27-16:22:33.099] 	-19.53
[2024/09/27-16:22:33.399] 	-19.44
[2024/09/27-16:22:33.699] 	-19.3
[2024/09/27-16:22:33.999] 	-19.352
[2024/09/27-16:22:34.299] 	-19.321
[2024/09/27-16:22:34.599] 	-18.0021
[2024/09/27-16:22:34.899] 	-17.05
[2024/09/27-16:22:35.199] 	-14
[2024/09/27-16:22:35.499] 	-11
[2024/09/27-16:22:35.799] 	-10.04
[2024/09/27-16:22:36.099] 	-10.02
[2024/09/27-16:22:36.399] 	-10.024
[2024/09/27-16:22:36.699] 	-10.011
[2024/09/27-16:22:36.999] 	-10.329
[2024/09/27-16:22:37.299] 	-10.647
[2024/09/27-16:22:37.599] 	-14
[2024/09/27-16:22:37.899] 	-17
[2024/09/27-16:22:38.199] 	-18.43
[2024/09/27-16:22:38.499] 	-19.002
[2024/09/27-16:22:38.799] 	-20.041
[2024/09/27-16:22:39.099] 	-20.07674
[2024/09/27-16:22:39.399] 	-20.063
[2024/09/27-16:22:39.699] 	-20.063
[2024/09/27-16:22:39.999] 	-20.063
[2024/09/27-16:22:40.299] 	-20.063
[2024/09/27-16:22:40.599] 	-20.063
[2024/09/27-16:22:40.899] 	-20.063
[2024/09/27-16:22:41.199] 	-20.063
[2024/09/27-16:22:41.499] 	-20.063
[2024/09/27-16:22:41.799] 	-20.18125
[2024/09/27-16:22:42.099] 	-20.19456667
[2024/09/27-16:22:42.099] 	-20.20788333
[2024/09/27-16:22:42.419] 	-20.2212
[2024/09/27-16:22:42.739] 	-20.23451667
[2024/09/27-16:22:43.059] 	-20.24783333
[2024/09/27-16:22:43.379] 	-20.26115
[2024/09/27-16:22:43.699] 	-20.27446667
