[2024/09/25-15:57:13.479]   978896
[2024/09/25-15:57:13.799]	968340
[2024/09/25-15:57:14.119]	957784
[2024/09/25-15:57:14.439]	947228
[2024/09/25-15:57:14.759]	936672
[2024/09/25-15:57:15.079]	926116
[2024/09/25-15:57:15.399]	915560
[2024/09/25-15:57:15.719]	905004
[2024/09/25-15:57:16.039]	894448
[2024/09/25-15:57:16.359]	883892
[2024/09/25-15:57:16.679]	873336
[2024/09/25-15:57:16.999]	862780
[2024/09/25-15:57:17.319]	852224
[2024/09/25-15:57:17.639]	841668
[2024/09/25-15:57:17.959]	831112
[2024/09/25-15:57:18.279]	820556
[2024/09/25-15:57:18.599]	810000
[2024/09/25-15:57:18.919]	799444
[2024/09/25-15:57:19.239]	788888
[2024/09/25-15:57:19.559]	778332
[2024/09/25-15:57:19.879]	767776
[2024/09/25-15:57:20.199]	757220
[2024/09/25-15:57:20.519]	746664
[2024/09/25-15:57:20.839]	736108
[2024/09/25-15:57:21.159]	725552
[2024/09/25-15:57:21.479]	714996
[2024/09/25-15:57:21.799]	704440
[2024/09/25-15:57:22.119]	693884
[2024/09/25-15:57:22.439]	683328
[2024/09/25-15:57:22.759]	672772
[2024/09/25-15:57:23.079]	662216
[2024/09/25-15:57:23.399]	651660
[2024/09/25-15:57:23.719]	641104
[2024/09/25-15:57:24.039]	630548
[2024/09/25-15:57:24.359]	619992
[2024/09/25-15:57:24.679]	609436
[2024/09/25-15:57:24.999]	598880
[2024/09/25-15:57:25.319]	588324
[2024/09/25-15:57:25.639]	577768
[2024/09/25-15:57:25.959]	567212
[2024/09/25-15:57:26.279]	556656
[2024/09/25-15:57:26.599]	546100
[2024/09/25-15:57:26.919]	535544
[2024/09/25-15:57:27.239]	524988
[2024/09/25-15:57:27.559]	514432
[2024/09/25-15:57:27.879]	503876
[2024/09/25-15:57:28.199]	493320
[2024/09/25-15:57:28.519]	451078.5906
[2024/09/25-15:57:28.839]	451314.5551
[2024/09/25-15:57:29.159]	451550.4183
[2024/09/25-15:57:29.479]	451786.18
[2024/09/25-15:57:29.799]	452021.8404
[2024/09/25-15:57:30.119]	452257.3994
[2024/09/25-15:57:30.439]	452492.8572
[2024/09/25-15:57:30.759]	452728.2138
[2024/09/25-15:57:31.079]	452963.4693
[2024/09/25-15:57:31.399]	453198.6236
[2024/09/25-15:57:31.719]	453433.6768
[2024/09/25-15:57:32.039]	453668.6289
[2024/09/25-15:57:32.359]	453903.4801
[2024/09/25-15:57:32.679]	454138.2303
[2024/09/25-15:57:32.999]	454372.8796
[2024/09/25-15:57:33.319]	454607.4281
[2024/09/25-15:57:33.639]	454841.8757
[2024/09/25-15:57:33.959]	455076.2225
[2024/09/25-15:57:34.279]	455310.4686
[2024/09/25-15:57:34.599]	455544.614
[2024/09/25-15:57:34.919]	455778.6587
[2024/09/25-15:57:35.239]	456012.6028
[2024/09/25-15:57:35.559]	456246.4464
[2024/09/25-15:57:35.879]	456480.1894
[2024/09/25-15:57:36.199]	456713.832
[2024/09/25-15:57:36.519]	456947.3741
[2024/09/25-15:57:36.839]	457180.8159
[2024/09/25-15:57:37.159]	457414.1573
[2024/09/25-15:57:37.479]	457647.3983
[2024/09/25-15:57:37.799]	457880.5392
[2024/09/25-15:57:38.119]	458113.5798
[2024/09/25-15:57:38.439]	458346.5202
[2024/09/25-15:57:38.759]	458579.3605
[2024/09/25-15:57:39.079]	458812.1007
[2024/09/25-15:57:39.399]	459044.7408
[2024/09/25-15:57:39.719]	459277.2809
[2024/09/25-15:57:40.039]	459509.7211
[2024/09/25-15:57:40.359]	459742.2279
[2024/09/25-15:57:40.679]	459974.7181
[2024/09/25-15:57:40.999]	460207.2083
[2024/09/25-15:57:41.319]	460439.6984
[2024/09/25-15:57:41.639]	460672.1886
[2024/09/25-15:57:41.959]	460904.6788
[2024/09/25-15:57:42.279]	461137.1689
[2024/09/25-15:57:42.599]	461369.6591
[2024/09/25-15:57:42.919]	461602.1492
[2024/09/25-15:57:43.239]	461834.6394
[2024/09/25-15:57:43.559]	1000001
[2024/09/25-15:57:43.879]	1000000
[2024/09/25-15:57:44.199]	470002
[2024/09/25-15:57:44.519]	470010
[2024/09/25-15:57:44.839]	470003
[2024/09/25-15:57:45.159]	470012
[2024/09/25-15:57:45.479]	470010
[2024/09/25-15:57:45.799]	470008
[2024/09/25-15:57:46.119]	47452
[2024/09/25-15:57:46.439]	478896
[2024/09/25-15:57:46.759]	478340
[2024/09/25-15:57:47.079]	477784
[2024/09/25-15:57:47.399]	477228
[2024/09/25-15:57:47.719]	476672
[2024/09/25-15:57:48.039]	476116
[2024/09/25-15:57:48.359]	515560
[2024/09/25-15:57:48.679]	505004
[2024/09/25-15:57:48.999]	594448
[2024/09/25-15:57:49.319]	583892
[2024/09/25-15:57:49.639]	573336
[2024/09/25-15:57:49.959]	562780
[2024/09/25-15:57:50.279]	552224
[2024/09/25-15:57:50.599]	461668
[2024/09/25-15:57:50.919]	461112
[2024/09/25-15:57:51.239]	460556
[2024/09/25-15:57:51.559]	460000
[2024/09/25-15:57:51.879]	469444
[2024/09/25-15:57:52.199]	468888
[2024/09/25-15:57:52.519]	468332
[2024/09/25-15:57:52.839]	467776
[2024/09/25-15:57:53.159]	467220
[2024/09/25-15:57:53.479]	466664
[2024/09/25-15:57:53.799]	466108
[2024/09/25-15:57:54.119]	465552
[2024/09/25-15:57:54.439]	464996
[2024/09/25-15:57:54.759]	464440
[2024/09/25-15:57:55.079]	463884
[2024/09/25-15:57:55.399]	461078.5906
[2024/09/25-15:57:55.719]	461314.5551
[2024/09/25-15:57:56.039]	461550.4183
[2024/09/25-15:57:56.359]	461786.18
[2024/09/25-15:57:56.679]	462021.8404
[2024/09/25-15:57:56.999]	462257.3994
[2024/09/25-15:57:57.319]	452492.8572
[2024/09/25-15:57:57.639]	452728.2138
[2024/09/25-15:57:57.959]	452963.4693
[2024/09/25-15:57:58.279]	453198.6236
[2024/09/25-15:57:58.599]	453433.6768
[2024/09/25-15:57:58.919]	453668.6289
[2024/09/25-15:57:59.239]	453903.4801
[2024/09/25-15:57:59.559]	454138.2303
[2024/09/25-15:57:59.879]	454372.8796
[2024/09/25-15:58:00.199]	454607.4281
[2024/09/25-15:58:00.519]	454841.8757
[2024/09/25-15:58:00.839]	455076.2225
[2024/09/25-15:58:01.159]	455310.4686
[2024/09/25-15:58:01.479]	455544.614
[2024/09/25-15:58:01.799]	455778.6587
[2024/09/25-15:58:02.119]	456012.6028
[2024/09/25-15:58:02.439]	456246.4464
[2024/09/25-15:58:02.759]	456480.1894
[2024/09/25-15:58:03.079]	456713.832
[2024/09/25-15:58:03.399]	456947.3741
[2024/09/25-15:58:03.719]	457180.8159
[2024/09/25-15:58:04.039]	457414.1573
[2024/09/25-15:58:04.359]	457647.3983
[2024/09/25-15:58:04.679]	457880.5392
[2024/09/25-15:58:04.999]	458113.5798
[2024/09/25-15:58:05.319]	458346.5202
[2024/09/25-15:58:05.639]	447790.5202
[2024/09/25-15:58:05.959]	458579.3605
[2024/09/25-15:58:06.279]	458812.1007
[2024/09/25-15:58:06.599]	459044.7408
[2024/09/25-15:58:06.919]	459277.2809
[2024/09/25-15:58:07.239]	459509.7211
[2024/09/25-15:58:07.559]	459742.0614
[2024/09/25-15:58:07.879]	459974.3018
[2024/09/25-15:58:08.199]	460206.4423
[2024/09/25-15:58:08.519]	460438.4831
[2024/09/25-15:58:08.839]	460670.4241
[2024/09/25-15:58:09.159]	460902.2654
[2024/09/25-15:58:09.479]	461134.0071
[2024/09/25-15:58:09.799]	461365.6491
[2024/09/25-15:58:10.119]	461597.1915
[2024/09/25-15:58:10.439]	461828.6345
[2024/09/25-15:58:10.759]	462059.9779
[2024/09/25-15:58:11.079]	462291.2219
[2024/09/25-15:58:11.399]	462522.3665
[2024/09/25-15:58:11.719]	462753.4117
[2024/09/25-15:58:12.039]	462984.3576
[2024/09/25-15:58:12.359]	463215.2042
[2024/09/25-15:58:12.679]	463445.9516
[2024/09/25-15:58:12.999]	463676.5998
[2024/09/25-15:58:13.319]	463907.1488
[2024/09/25-15:58:13.639]	464137.5988
[2024/09/25-15:58:13.959]	464367.9497
[2024/09/25-15:58:14.279]	464598.2015
[2024/09/25-15:58:14.599]	464828.3544
[2024/09/25-15:58:14.919]	465058.4083
[2024/09/25-15:58:15.239]	465288.3634
[2024/09/25-15:58:15.559]	465518.2196
[2024/09/25-15:58:15.879]	465747.977
[2024/09/25-15:58:16.199]	465977.6356
[2024/09/25-15:58:16.519]	466207.1955
[2024/09/25-15:58:16.839]	466436.6567
[2024/09/25-15:58:17.159]	466666.0193
[2024/09/25-15:58:17.479]	466895.2833
[2024/09/25-15:58:17.799]	467124.4487
[2024/09/25-15:58:18.119]	467353.5157
[2024/09/25-15:58:18.439]	467582.4841
[2024/09/25-15:58:18.759]	467811.3541
[2024/09/25-15:58:19.079]	468040.1258
[2024/09/25-15:58:19.399]	468268.7991
[2024/09/25-15:58:19.719]	468497.3741
[2024/09/25-15:58:20.039]	468725.8508
[2024/09/25-15:58:20.359]	468954.2294
[2024/09/25-15:58:20.679]	458398.2294
[2024/09/25-15:58:20.999]	469182.5097
[2024/09/25-15:58:21.319]	469410.6919
[2024/09/25-15:58:21.639]	469638.7761
[2024/09/25-15:58:21.959]	469866.7622
[2024/09/25-15:58:22.279]	470094.6502
[2024/09/25-15:58:22.599]	470322.4404
[2024/09/25-15:58:22.919]	470550.1326
[2024/09/25-15:58:23.239]	470777.7269
[2024/09/25-15:58:23.559]	471005.2234
[2024/09/25-15:58:23.879]	471232.6221
[2024/09/25-15:58:24.199]	471459.923
[2024/09/25-15:58:24.519]	471687.1263
[2024/09/25-15:58:24.839]	471914.2318
[2024/09/25-15:58:25.159]	472141.2398
[2024/09/25-15:58:25.479]	472368.1501
[2024/09/25-15:58:25.799]	472594.9629
[2024/09/25-15:58:26.119]	472821.6783
[2024/09/25-15:58:26.439]	473048.2961
[2024/09/25-15:58:26.759]	473274.8166
[2024/09/25-15:58:27.079]	473501.2396
[2024/09/25-15:58:27.399]	473727.5654
[2024/09/25-15:58:27.719]	473953.7938
[2024/09/25-15:58:28.039]	474179.925
[2024/09/25-15:58:28.359]	474405.959
[2024/09/25-15:58:28.679]	474631.8958
[2024/09/25-15:58:28.999]	474857.7355
[2024/09/25-15:58:29.319]	475083.4781
[2024/09/25-15:58:29.639]	475309.1237
[2024/09/25-15:58:29.959]	475534.6723
[2024/09/25-15:58:30.279]	475760.1239
[2024/09/25-15:58:30.599]	475985.4786
[2024/09/25-15:58:30.919]	476210.7365
[2024/09/25-15:58:31.239]	476435.8975
[2024/09/25-15:58:31.559]	476660.9617
[2024/09/25-15:58:31.879]	476885.9292
[2024/09/25-15:58:32.199]	477110.7999
[2024/09/25-15:58:32.519]	477335.574
[2024/09/25-15:58:32.839]	477560.2515
[2024/09/25-15:58:33.159]	477784.8324
[2024/09/25-15:58:33.479]	478009.3167
[2024/09/25-15:58:33.799]	478233.7046
[2024/09/25-15:58:34.119]	478457.996
[2024/09/25-15:58:34.439]	478682.1909
[2024/09/25-15:58:34.759]	478906.2895
[2024/09/25-15:58:35.079]	479130.2918
[2024/09/25-15:58:35.399]	479354.1978
[2024/09/25-15:58:35.719]	479578.0075
[2024/09/25-15:58:36.039]	469022.0075
[2024/09/25-15:58:36.359]	479801.721
[2024/09/25-15:58:36.679]	480025.3384
[2024/09/25-15:58:36.999]	480248.8596
[2024/09/25-15:58:37.319]	480472.2847
[2024/09/25-15:58:37.639]	480695.6138
[2024/09/25-15:58:37.959]	480918.8469
[2024/09/25-15:58:38.279]	481141.9841
[2024/09/25-15:58:38.599]	481365.0253
[2024/09/25-15:58:38.919]	481587.9706
[2024/09/25-15:58:39.239]	481810.8201
[2024/09/25-15:58:39.559]	482033.5738
[2024/09/25-15:58:39.879]	482256.2318
[2024/09/25-15:58:40.199]	482478.794
[2024/09/25-15:58:40.519]	482701.2605
[2024/09/25-15:58:40.839]	472145.2605
[2024/09/25-15:58:41.159]	482923.6315
[2024/09/25-15:58:41.479]	483145.9068
[2024/09/25-15:58:41.799]	483368.0866
[2024/09/25-15:58:42.119]	483590.1709
[2024/09/25-15:58:42.439]	483812.1597
[2024/09/25-15:58:42.759]	484034.0531
[2024/09/25-15:58:43.079]	484255.8511
[2024/09/25-15:58:43.399]	484477.5537
[2024/09/25-15:58:43.719]	484699.1611
[2024/09/25-15:58:44.039]	484920.6732
[2024/09/25-15:58:44.359]	485142.09
[2024/09/25-15:58:44.679]	485363.4117
[2024/09/25-15:58:44.999]	485584.6383
[2024/09/25-15:58:45.319]	485805.7697
[2024/09/25-15:58:45.639]	486026.8061
[2024/09/25-15:58:45.959]	486247.7475
[2024/09/25-15:58:46.279]	486468.5939
[2024/09/25-15:58:46.599]	486689.3454
[2024/09/25-15:58:46.919]	486910.0019
[2024/09/25-15:58:47.239]	487130.5637
[2024/09/25-15:58:47.559]	487351.0306
[2024/09/25-15:58:47.879]	487571.4027
[2024/09/25-15:58:48.199]	487791.6801
[2024/09/25-15:58:48.519]	488011.8628
[2024/09/25-15:58:48.839]	488231.9509
[2024/09/25-15:58:49.159]	488451.9443
[2024/09/25-15:58:49.479]	488671.8432
[2024/09/25-15:58:49.799]	488891.6476
[2024/09/25-15:58:50.119]	489111.3574
[2024/09/25-15:58:50.439]	489330.9728
[2024/09/25-15:58:50.759]	489550.4939
[2024/09/25-15:58:51.079]	489769.9205
[2024/09/25-15:58:51.399]	489989.2528
[2024/09/25-15:58:51.719]	479433.2528
[2024/09/25-15:58:52.039]	490208.4909
[2024/09/25-15:58:52.359]	490427.6347
[2024/09/25-15:58:52.679]	490646.6843
[2024/09/25-15:58:52.999]	490865.6397
[2024/09/25-15:58:53.319]	491084.501
[2024/09/25-15:58:53.639]	491303.2682
[2024/09/25-15:58:53.959]	491521.9414
[2024/09/25-15:58:54.279]	491740.5206
[2024/09/25-15:58:54.599]	491959.0058
[2024/09/25-15:58:54.919]	492177.3971
[2024/09/25-15:58:55.239]	492395.6946
[2024/09/25-15:58:55.559]	492613.8982
[2024/09/25-15:58:55.879]	492832.0079
[2024/09/25-15:58:56.199]	493050.024
[2024/09/25-15:58:56.519]	493267.9463
[2024/09/25-15:58:56.839]	482711.9463
[2024/09/25-15:58:57.159]	493485.7749
[2024/09/25-15:58:57.479]	493703.5099
[2024/09/25-15:58:57.799]	493921.1513
[2024/09/25-15:58:58.119]	494138.6991
[2024/09/25-15:58:58.439]	494356.1535
[2024/09/25-15:58:58.759]	494573.5143
[2024/09/25-15:58:59.079]	494790.7817
[2024/09/25-15:58:59.399]	495007.9557
[2024/09/25-15:58:59.719]	495225.0364
[2024/09/25-15:59:00.039]	495442.0237
[2024/09/25-15:59:00.359]	495658.9178
[2024/09/25-15:59:00.679]	495875.7186
[2024/09/25-15:59:00.999]	496092.4262
[2024/09/25-15:59:01.319]	496309.0407
[2024/09/25-15:59:01.639]	496525.5621
[2024/09/25-15:59:01.959]	496741.9904
[2024/09/25-15:59:02.279]	496958.3256
[2024/09/25-15:59:02.599]	497174.5679
[2024/09/25-15:59:02.919]	497390.7171
[2024/09/25-15:59:03.239]	497606.7735
[2024/09/25-15:59:03.559]	497822.737
[2024/09/25-15:59:03.879]	498038.6077
[2024/09/25-15:59:04.199]	498254.3856
[2024/09/25-15:59:04.519]	498470.0707
[2024/09/25-15:59:04.839]	498685.6631
[2024/09/25-15:59:05.159]	498901.1628
[2024/09/25-15:59:05.479]	499116.5699
[2024/09/25-15:59:05.799]	499331.8844
[2024/09/25-15:59:06.119]	499547.1063
[2024/09/25-15:59:06.439]	499762.2357
[2024/09/25-15:59:06.759]	499977.2726
[2024/09/25-15:59:07.079]	500192.2171
[2024/09/25-15:59:07.399]	500407.0692
[2024/09/25-15:59:07.719]	500621.829
[2024/09/25-15:59:08.039]	490065.829
[2024/09/25-15:59:08.359]	500836.4964
[2024/09/25-15:59:08.679]	501051.0715
[2024/09/25-15:59:08.999]	501265.5544
[2024/09/25-15:59:09.319]	501479.9452
[2024/09/25-15:59:09.639]	501694.2437
[2024/09/25-15:59:09.959]	501908.4501
[2024/09/25-15:59:10.279]	502122.5645
[2024/09/25-15:59:10.599]	502336.5868
[2024/09/25-15:59:10.919]	502550.5171
[2024/09/25-15:59:11.239]	502764.3554
[2024/09/25-15:59:11.559]	502978.1018
[2024/09/25-15:59:11.879]	503191.7563
[2024/09/25-15:59:12.199]	503405.319
[2024/09/25-15:59:12.519]	503618.7899
[2024/09/25-15:59:12.839]	493062.7899
[2024/09/25-15:59:13.159]	503832.169
[2024/09/25-15:59:13.479]	504045.4564
[2024/09/25-15:59:13.799]	504258.6521
[2024/09/25-15:59:14.119]	504471.7562
[2024/09/25-15:59:14.439]	504684.7687
[2024/09/25-15:59:14.759]	504897.6896
[2024/09/25-15:59:15.079]	505110.5189
[2024/09/25-15:59:15.399]	505323.2568
[2024/09/25-15:59:15.719]	505535.9032
[2024/09/25-15:59:16.039]	505748.4582
[2024/09/25-15:59:16.359]	505960.9219
[2024/09/25-15:59:16.679]	506173.2942
[2024/09/25-15:59:16.999]	506385.5752
[2024/09/25-15:59:17.319]	506597.7649
[2024/09/25-15:59:17.639]	506809.8635
[2024/09/25-15:59:17.959]	507021.8709
[2024/09/25-15:59:18.279]	507233.7871
[2024/09/25-15:59:18.599]	507445.6123
[2024/09/25-15:59:18.919]	507657.3463
[2024/09/25-15:59:19.239]	507868.9894
[2024/09/25-15:59:19.559]	508080.5415
[2024/09/25-15:59:19.879]	508292.0026
[2024/09/25-15:59:20.199]	508503.3729
[2024/09/25-15:59:20.519]	508714.6523
[2024/09/25-15:59:20.839]	508925.8408
[2024/09/25-15:59:21.159]	509136.9386
[2024/09/25-15:59:21.479]	509347.9457
[2024/09/25-15:59:21.799]	509558.862
[2024/09/25-15:59:22.119]	509769.6877
[2024/09/25-15:59:22.439]	509980.4227
[2024/09/25-15:59:22.759]	510191.0671
[2024/09/25-15:59:23.079]	510401.621
[2024/09/25-15:59:23.399]	510612.0844
[2024/09/25-15:59:23.719]	510822.4574
[2024/09/25-15:59:24.039]	511032.7398
[2024/09/25-15:59:24.359]	511242.9319
[2024/09/25-15:59:24.679]	500686.9319
[2024/09/25-15:59:24.999]	511453.0337
[2024/09/25-15:59:25.319]	511663.0451
[2024/09/25-15:59:25.639]	511872.9662
[2024/09/25-15:59:25.959]	512082.7971
[2024/09/25-15:59:26.279]	512292.5378
[2024/09/25-15:59:26.599]	512502.1884
[2024/09/25-15:59:26.919]	512711.7488
[2024/09/25-15:59:27.239]	512921.2191
[2024/09/25-15:59:27.559]	513130.5994
[2024/09/25-15:59:27.879]	513339.8897
[2024/09/25-15:59:28.199]	513549.09
[2024/09/25-15:59:28.519]	513758.2004
[2024/09/25-15:59:28.839]	513967.2209
[2024/09/25-15:59:29.159]	514176.1515
[2024/09/25-15:59:29.479]	503620.1515
[2024/09/25-15:59:29.799]	514384.9924
[2024/09/25-15:59:30.119]	514593.7434
[2024/09/25-15:59:30.439]	514802.4047
[2024/09/25-15:59:30.759]	515010.9764
[2024/09/25-15:59:31.079]	515219.4583
[2024/09/25-15:59:31.399]	515427.8507
[2024/09/25-15:59:31.719]	515636.1535
[2024/09/25-15:59:32.039]	515844.3667
[2024/09/25-15:59:32.359]	516052.4904
[2024/09/25-15:59:32.679]	516260.5246
[2024/09/25-15:59:32.999]	516468.4695
[2024/09/25-15:59:33.319]	516676.3249
[2024/09/25-15:59:33.639]	516884.091
[2024/09/25-15:59:33.959]	517091.7678
[2024/09/25-15:59:34.279]	517299.3553
[2024/09/25-15:59:34.599]	517506.8535
[2024/09/25-15:59:34.919]	517714.2626
[2024/09/25-15:59:35.239]	517921.5825
[2024/09/25-15:59:35.559]	518128.8133
[2024/09/25-15:59:35.879]	518335.955
[2024/09/25-15:59:36.199]	518543.0076
[2024/09/25-15:59:36.519]	518749.9713
[2024/09/25-15:59:36.839]	518956.846
[2024/09/25-15:59:37.159]	519163.6317
[2024/09/25-15:59:37.479]	519370.3286
[2024/09/25-15:59:37.799]	519576.9366
[2024/09/25-15:59:38.119]	519783.4558
[2024/09/25-15:59:38.439]	519989.8863
[2024/09/25-15:59:38.759]	520196.2279
[2024/09/25-15:59:39.079]	520402.4809
[2024/09/25-15:59:39.399]	520608.6453
[2024/09/25-15:59:39.719]	520814.721
[2024/09/25-15:59:40.039]	521020.7081
[2024/09/25-15:59:40.359]	521226.6066
[2024/09/25-15:59:40.679]	521432.4167
[2024/09/25-15:59:40.999]	521638.1383
[2024/09/25-15:59:41.319]	511082.1383
[2024/09/25-15:59:41.639]	521843.7714
[2024/09/25-15:59:41.959]	522049.3162
[2024/09/25-15:59:42.279]	522254.7726
[2024/09/25-15:59:42.599]	522460.1407
[2024/09/25-15:59:42.919]	522665.4205
[2024/09/25-15:59:43.239]	522870.612
[2024/09/25-15:59:43.559]	523075.7154
[2024/09/25-15:59:43.879]	523280.7306
[2024/09/25-15:59:44.199]	523485.6576
[2024/09/25-15:59:44.519]	523690.4966
[2024/09/25-15:59:44.839]	523895.2475
[2024/09/25-15:59:45.159]	524099.9104
[2024/09/25-15:59:45.479]	524304.4853
[2024/09/25-15:59:45.799]	524508.9722
[2024/09/25-15:59:46.119]	524713.3713
[2024/09/25-15:59:46.439]	514157.3713
[2024/09/25-15:59:46.759]	524917.6825
[2024/09/25-15:59:47.079]	525121.9059
[2024/09/25-15:59:47.399]	525326.0415
[2024/09/25-15:59:47.719]	525530.0893
[2024/09/25-15:59:48.039]	525734.0494
[2024/09/25-15:59:48.359]	525937.9219
[2024/09/25-15:59:48.679]	526141.7067
[2024/09/25-15:59:48.999]	526345.4039
[2024/09/25-15:59:49.319]	526549.0135
[2024/09/25-15:59:49.639]	526752.5357
[2024/09/25-15:59:49.959]	526955.9703
[2024/09/25-15:59:50.279]	527159.3175
[2024/09/25-15:59:50.599]	527362.5772
[2024/09/25-15:59:50.919]	527565.7496
[2024/09/25-15:59:51.239]	527768.8347
[2024/09/25-15:59:51.559]	527971.8324
[2024/09/25-15:59:51.879]	528174.7429
[2024/09/25-15:59:52.199]	528377.5662
[2024/09/25-15:59:52.519]	528580.3023
[2024/09/25-15:59:52.839]	528782.9512
[2024/09/25-15:59:53.159]	528985.513
[2024/09/25-15:59:53.479]	529187.9878
[2024/09/25-15:59:53.799]	529390.3755
[2024/09/25-15:59:54.119]	529592.6762
[2024/09/25-15:59:54.439]	529794.8899
[2024/09/25-15:59:54.759]	529997.0167
[2024/09/25-15:59:55.079]	530199.0566
[2024/09/25-15:59:55.399]	530401.0097
[2024/09/25-15:59:55.719]	530602.876
[2024/09/25-15:59:56.039]	530804.6555
[2024/09/25-15:59:56.359]	531006.3482
[2024/09/25-15:59:56.679]	531207.9543
[2024/09/25-15:59:56.999]	531409.4736
[2024/09/25-15:59:57.319]	531610.9064
[2024/09/25-15:59:57.639]	531812.2526
[2024/09/25-15:59:57.959]	532013.5122
[2024/09/25-15:59:58.279]	532214.6853
[2024/09/25-15:59:58.599]	521658.6853
[2024/09/25-15:59:58.919]	532415.7719
[2024/09/25-15:59:59.239]	532616.7721
[2024/09/25-15:59:59.559]	532817.6858
[2024/09/25-15:59:59.879]	533018.5132
[2024/09/25-16:00:00.199]	533219.2543
[2024/09/25-16:00:00.519]	533419.9091
[2024/09/25-16:00:00.839]	533620.4776
[2024/09/25-16:00:01.159]	533820.9599
[2024/09/25-16:00:01.479]	534021.3561
[2024/09/25-16:00:01.799]	534221.6661
[2024/09/25-16:00:02.119]	534421.8899
[2024/09/25-16:00:02.439]	534622.0277
[2024/09/25-16:00:02.759]	534822.0795
[2024/09/25-16:00:03.079]	535022.0453
[2024/09/25-16:00:03.399]	535221.9251
[2024/09/25-16:00:03.719]	535421.719
